# JRE version: Java(TM) SE Runtime Environment (8.0_60-b27) (build 1.8.0_60-b27)
# Java VM: Java HotSpot(TM) 64-Bit Server VM (25.60-b23 mixed mode bsd-amd64 compressed oops)
Heap:
 PSYoungGen      total 57856K, used 12367K [0x0000000795580000, 0x0000000799c00000, 0x00000007c0000000)
  eden space 47616K, 14% used [0x0000000795580000,0x0000000795c73e88,0x0000000798400000)
  from space 10240K, 51% used [0x0000000799200000,0x0000000799720160,0x0000000799c00000)
  to   space 12288K, 0% used [0x0000000798400000,0x0000000798400000,0x0000000799000000)
 ParOldGen       total 59392K, used 15708K [0x0000000740000000, 0x0000000743a00000, 0x0000000795580000)
  object space 59392K, 26% used [0x0000000740000000,0x0000000740f57008,0x0000000743a00000)
 Metaspace       used 24005K, capacity 24225K, committed 24576K, reserved 1071104K
  class space    used 2376K, capacity 2451K, committed 2560K, reserved 1048576K
GC Heap History (10 events):
Event: 5.857 GC heap before
{Heap before GC invocations=3 (full 0):
 PSYoungGen      total 38400K, used 6977K [0x0000000795580000, 0x0000000798000000, 0x00000007c0000000)
  eden space 33280K, 5% used [0x0000000795580000,0x0000000795758400,0x0000000797600000)
  from space 5120K, 99% used [0x0000000797b00000,0x0000000797ff8040,0x0000000798000000)
  to   space 5120K, 0% used [0x0000000797600000,0x0000000797600000,0x0000000797b00000)
 ParOldGen       total 87552K, used 3789K [0x0000000740000000, 0x0000000745580000, 0x0000000795580000)
  object space 87552K, 4% used [0x0000000740000000,0x00000007403b3408,0x0000000745580000)
 Metaspace       used 20871K, capacity 21137K, committed 21248K, reserved 1069056K
  class space    used 2144K, capacity 2257K, committed 2304K, reserved 1048576K
Event: 5.863 GC heap after
Heap after GC invocations=3 (full 0):
 PSYoungGen      total 38400K, used 5104K [0x0000000795580000, 0x0000000798000000, 0x00000007c0000000)
  eden space 33280K, 0% used [0x0000000795580000,0x0000000795580000,0x0000000797600000)
  from space 5120K, 99% used [0x0000000797600000,0x0000000797afc090,0x0000000797b00000)
  to   space 5120K, 0% used [0x0000000797b00000,0x0000000797b00000,0x0000000798000000)
 ParOldGen       total 87552K, used 4228K [0x0000000740000000, 0x0000000745580000, 0x0000000795580000)
  object space 87552K, 4% used [0x0000000740000000,0x0000000740421108,0x0000000745580000)
 Metaspace       used 20871K, capacity 21137K, committed 21248K, reserved 1069056K
  class space    used 2144K, capacity 2257K, committed 2304K, reserved 1048576K
}
Event: 5.863 GC heap before
{Heap before GC invocations=4 (full 1):
 PSYoungGen      total 38400K, used 5104K [0x0000000795580000, 0x0000000798000000, 0x00000007c0000000)
  eden space 33280K, 0% used [0x0000000795580000,0x0000000795580000,0x0000000797600000)
  from space 5120K, 99% used [0x0000000797600000,0x0000000797afc090,0x0000000797b00000)
  to   space 5120K, 0% used [0x0000000797b00000,0x0000000797b00000,0x0000000798000000)
 ParOldGen       total 87552K, used 4228K [0x0000000740000000, 0x0000000745580000, 0x0000000795580000)
  object space 87552K, 4% used [0x0000000740000000,0x0000000740421108,0x0000000745580000)
 Metaspace       used 20871K, capacity 21137K, committed 21248K, reserved 1069056K
  class space    used 2144K, capacity 2257K, committed 2304K, reserved 1048576K
Event: 5.899 GC heap after
Heap after GC invocations=4 (full 1):
 PSYoungGen      total 38400K, used 0K [0x0000000795580000, 0x0000000798000000, 0x00000007c0000000)
  eden space 33280K, 0% used [0x0000000795580000,0x0000000795580000,0x0000000797600000)
  from space 5120K, 0% used [0x0000000797600000,0x0000000797600000,0x0000000797b00000)
  to   space 5120K, 0% used [0x0000000797b00000,0x0000000797b00000,0x0000000798000000)
 ParOldGen       total 59392K, used 7164K [0x0000000740000000, 0x0000000743a00000, 0x0000000795580000)
  object space 59392K, 12% used [0x0000000740000000,0x00000007406ff2e8,0x0000000743a00000)
 Metaspace       used 20871K, capacity 21137K, committed 21248K, reserved 1069056K
  class space    used 2144K, capacity 2257K, committed 2304K, reserved 1048576K
}
Event: 8.253 GC heap before
{Heap before GC invocations=5 (full 1):
 PSYoungGen      total 38400K, used 33280K [0x0000000795580000, 0x0000000798000000, 0x00000007c0000000)
  eden space 33280K, 100% used [0x0000000795580000,0x0000000797600000,0x0000000797600000)
  from space 5120K, 0% used [0x0000000797600000,0x0000000797600000,0x0000000797b00000)
  to   space 5120K, 0% used [0x0000000797b00000,0x0000000797b00000,0x0000000798000000)
 ParOldGen       total 59392K, used 7164K [0x0000000740000000, 0x0000000743a00000, 0x0000000795580000)
  object space 59392K, 12% used [0x0000000740000000,0x00000007406ff2e8,0x0000000743a00000)
 Metaspace       used 23479K, capacity 23707K, committed 24064K, reserved 1071104K
  class space    used 2368K, capacity 2450K, committed 2560K, reserved 1048576K
Event: 8.259 GC heap after
Heap after GC invocations=5 (full 1):
 PSYoungGen      total 38400K, used 5104K [0x0000000795580000, 0x0000000799180000, 0x00000007c0000000)
  eden space 33280K, 0% used [0x0000000795580000,0x0000000795580000,0x0000000797600000)
  from space 5120K, 99% used [0x0000000797b00000,0x0000000797ffc1c0,0x0000000798000000)
  to   space 5120K, 0% used [0x0000000797600000,0x0000000797600000,0x0000000797b00000)
 ParOldGen       total 59392K, used 13652K [0x0000000740000000, 0x0000000743a00000, 0x0000000795580000)
  object space 59392K, 22% used [0x0000000740000000,0x0000000740d55068,0x0000000743a00000)
 Metaspace       used 23479K, capacity 23707K, committed 24064K, reserved 1071104K
  class space    used 2368K, capacity 2450K, committed 2560K, reserved 1048576K
}
Event: 10.318 GC heap before
{Heap before GC invocations=6 (full 1):
 PSYoungGen      total 38400K, used 38384K [0x0000000795580000, 0x0000000799180000, 0x00000007c0000000)
  eden space 33280K, 100% used [0x0000000795580000,0x0000000797600000,0x0000000797600000)
  from space 5120K, 99% used [0x0000000797b00000,0x0000000797ffc1c0,0x0000000798000000)
  to   space 5120K, 0% used [0x0000000797600000,0x0000000797600000,0x0000000797b00000)
 ParOldGen       total 59392K, used 13652K [0x0000000740000000, 0x0000000743a00000, 0x0000000795580000)
  object space 59392K, 22% used [0x0000000740000000,0x0000000740d55068,0x0000000743a00000)
 Metaspace       used 23751K, capacity 24033K, committed 24320K, reserved 1071104K
  class space    used 2368K, capacity 2451K, committed 2560K, reserved 1048576K
Event: 10.323 GC heap after
Heap after GC invocations=6 (full 1):
 PSYoungGen      total 38400K, used 5104K [0x0000000795580000, 0x0000000799e00000, 0x00000007c0000000)
  eden space 33280K, 0% used [0x0000000795580000,0x0000000795580000,0x0000000797600000)
  from space 5120K, 99% used [0x0000000797600000,0x0000000797afc150,0x0000000797b00000)
  to   space 12288K, 0% used [0x0000000799200000,0x0000000799200000,0x0000000799e00000)
 ParOldGen       total 59392K, used 15700K [0x0000000740000000, 0x0000000743a00000, 0x0000000795580000)
  object space 59392K, 26% used [0x0000000740000000,0x0000000740f55008,0x0000000743a00000)
 Metaspace       used 23751K, capacity 24033K, committed 24320K, reserved 1071104K
  class space    used 2368K, capacity 2451K, committed 2560K, reserved 1048576K
}
Event: 14.517 GC heap before
{Heap before GC invocations=7 (full 1):
 PSYoungGen      total 38400K, used 38384K [0x0000000795580000, 0x0000000799e00000, 0x00000007c0000000)
  eden space 33280K, 100% used [0x0000000795580000,0x0000000797600000,0x0000000797600000)
  from space 5120K, 99% used [0x0000000797600000,0x0000000797afc150,0x0000000797b00000)
  to   space 12288K, 0% used [0x0000000799200000,0x0000000799200000,0x0000000799e00000)
 ParOldGen       total 59392K, used 15700K [0x0000000740000000, 0x0000000743a00000, 0x0000000795580000)
  object space 59392K, 26% used [0x0000000740000000,0x0000000740f55008,0x0000000743a00000)
 Metaspace       used 23962K, capacity 24225K, committed 24576K, reserved 1071104K
  class space    used 2369K, capacity 2451K, committed 2560K, reserved 1048576K
Event: 14.521 GC heap after
Heap after GC invocations=7 (full 1):
 PSYoungGen      total 57856K, used 5248K [0x0000000795580000, 0x0000000799c00000, 0x00000007c0000000)
  eden space 47616K, 0% used [0x0000000795580000,0x0000000795580000,0x0000000798400000)
  from space 10240K, 51% used [0x0000000799200000,0x0000000799720160,0x0000000799c00000)
  to   space 12288K, 0% used [0x0000000798400000,0x0000000798400000,0x0000000799000000)
 ParOldGen       total 59392K, used 15708K [0x0000000740000000, 0x0000000743a00000, 0x0000000795580000)
  object space 59392K, 26% used [0x0000000740000000,0x0000000740f57008,0x0000000743a00000)
 Metaspace       used 23962K, capacity 24225K, committed 24576K, reserved 1071104K
  class space    used 2369K, capacity 2451K, committed 2560K, reserved 1048576K
}

