# JRE version: Java(TM) SE Runtime Environment (8.0_60-b27) (build 1.8.0_60-b27)
# Java VM: Java HotSpot(TM) 64-Bit Server VM (25.60-b23 mixed mode bsd-amd64 compressed oops)
Heap:
 PSYoungGen      total 36864K, used 13451K [0x0000000795580000, 0x0000000798c80000, 0x00000007c0000000)
  eden space 31744K, 27% used [0x0000000795580000,0x0000000795dee390,0x0000000797480000)
  from space 5120K, 94% used [0x0000000797500000,0x00000007979b4ac0,0x0000000797a00000)
  to   space 12288K, 0% used [0x0000000798080000,0x0000000798080000,0x0000000798c80000)
 ParOldGen       total 68608K, used 17452K [0x0000000740000000, 0x0000000744300000, 0x0000000795580000)
  object space 68608K, 25% used [0x0000000740000000,0x000000074110b3b8,0x0000000744300000)
 Metaspace       used 23945K, capacity 24149K, committed 24576K, reserved 1071104K
  class space    used 2358K, capacity 2449K, committed 2560K, reserved 1048576K
GC Heap History (10 events):
Event: 8.483 GC heap before
{Heap before GC invocations=4 (full 1):
 PSYoungGen      total 38400K, used 33063K [0x0000000795580000, 0x0000000798000000, 0x00000007c0000000)
  eden space 33280K, 99% used [0x0000000795580000,0x00000007975c9ca8,0x0000000797600000)
  from space 5120K, 0% used [0x0000000797b00000,0x0000000797b00000,0x0000000798000000)
  to   space 5120K, 0% used [0x0000000797600000,0x0000000797600000,0x0000000797b00000)
 ParOldGen       total 68608K, used 8753K [0x0000000740000000, 0x0000000744300000, 0x0000000795580000)
  object space 68608K, 12% used [0x0000000740000000,0x000000074088c568,0x0000000744300000)
 Metaspace       used 23336K, capacity 23631K, committed 24064K, reserved 1071104K
  class space    used 2349K, capacity 2448K, committed 2560K, reserved 1048576K
Event: 8.489 GC heap after
Heap after GC invocations=4 (full 1):
 PSYoungGen      total 38400K, used 5106K [0x0000000795580000, 0x0000000798b00000, 0x00000007c0000000)
  eden space 33280K, 0% used [0x0000000795580000,0x0000000795580000,0x0000000797600000)
  from space 5120K, 99% used [0x0000000797600000,0x0000000797afcb00,0x0000000797b00000)
  to   space 5120K, 0% used [0x0000000798600000,0x0000000798600000,0x0000000798b00000)
 ParOldGen       total 68608K, used 15391K [0x0000000740000000, 0x0000000744300000, 0x0000000795580000)
  object space 68608K, 22% used [0x0000000740000000,0x0000000740f07f78,0x0000000744300000)
 Metaspace       used 23336K, capacity 23631K, committed 24064K, reserved 1071104K
  class space    used 2349K, capacity 2448K, committed 2560K, reserved 1048576K
}
Event: 12.125 GC heap before
{Heap before GC invocations=5 (full 1):
 PSYoungGen      total 38400K, used 38386K [0x0000000795580000, 0x0000000798b00000, 0x00000007c0000000)
  eden space 33280K, 100% used [0x0000000795580000,0x0000000797600000,0x0000000797600000)
  from space 5120K, 99% used [0x0000000797600000,0x0000000797afcb00,0x0000000797b00000)
  to   space 5120K, 0% used [0x0000000798600000,0x0000000798600000,0x0000000798b00000)
 ParOldGen       total 68608K, used 15396K [0x0000000740000000, 0x0000000744300000, 0x0000000795580000)
  object space 68608K, 22% used [0x0000000740000000,0x0000000740f09328,0x0000000744300000)
 Metaspace       used 23668K, capacity 23887K, committed 24320K, reserved 1071104K
  class space    used 2349K, capacity 2448K, committed 2560K, reserved 1048576K
Event: 12.131 GC heap after
Heap after GC invocations=5 (full 1):
 PSYoungGen      total 38400K, used 5090K [0x0000000795580000, 0x0000000798b00000, 0x00000007c0000000)
  eden space 33280K, 0% used [0x0000000795580000,0x0000000795580000,0x0000000797600000)
  from space 5120K, 99% used [0x0000000798600000,0x0000000798af8af0,0x0000000798b00000)
  to   space 5120K, 0% used [0x0000000797600000,0x0000000797600000,0x0000000797b00000)
 ParOldGen       total 68608K, used 17428K [0x0000000740000000, 0x0000000744300000, 0x0000000795580000)
  object space 68608K, 25% used [0x0000000740000000,0x00000007411053b8,0x0000000744300000)
 Metaspace       used 23668K, capacity 23887K, committed 24320K, reserved 1071104K
  class space    used 2349K, capacity 2448K, committed 2560K, reserved 1048576K
}
Event: 19.756 GC heap before
{Heap before GC invocations=6 (full 1):
 PSYoungGen      total 38400K, used 38370K [0x0000000795580000, 0x0000000798b00000, 0x00000007c0000000)
  eden space 33280K, 100% used [0x0000000795580000,0x0000000797600000,0x0000000797600000)
  from space 5120K, 99% used [0x0000000798600000,0x0000000798af8af0,0x0000000798b00000)
  to   space 5120K, 0% used [0x0000000797600000,0x0000000797600000,0x0000000797b00000)
 ParOldGen       total 68608K, used 17428K [0x0000000740000000, 0x0000000744300000, 0x0000000795580000)
  object space 68608K, 25% used [0x0000000740000000,0x00000007411053b8,0x0000000744300000)
 Metaspace       used 23888K, capacity 24143K, committed 24576K, reserved 1071104K
  class space    used 2349K, capacity 2448K, committed 2560K, reserved 1048576K
Event: 19.761 GC heap after
Heap after GC invocations=6 (full 1):
 PSYoungGen      total 37888K, used 4786K [0x0000000795580000, 0x0000000798e80000, 0x00000007c0000000)
  eden space 32768K, 0% used [0x0000000795580000,0x0000000795580000,0x0000000797580000)
  from space 5120K, 93% used [0x0000000797600000,0x0000000797aacac0,0x0000000797b00000)
  to   space 12800K, 0% used [0x0000000798200000,0x0000000798200000,0x0000000798e80000)
 ParOldGen       total 68608K, used 17436K [0x0000000740000000, 0x0000000744300000, 0x0000000795580000)
  object space 68608K, 25% used [0x0000000740000000,0x00000007411073b8,0x0000000744300000)
 Metaspace       used 23888K, capacity 24143K, committed 24576K, reserved 1071104K
  class space    used 2349K, capacity 2448K, committed 2560K, reserved 1048576K
}
Event: 27.540 GC heap before
{Heap before GC invocations=7 (full 1):
 PSYoungGen      total 37888K, used 37554K [0x0000000795580000, 0x0000000798e80000, 0x00000007c0000000)
  eden space 32768K, 100% used [0x0000000795580000,0x0000000797580000,0x0000000797580000)
  from space 5120K, 93% used [0x0000000797600000,0x0000000797aacac0,0x0000000797b00000)
  to   space 12800K, 0% used [0x0000000798200000,0x0000000798200000,0x0000000798e80000)
 ParOldGen       total 68608K, used 17436K [0x0000000740000000, 0x0000000744300000, 0x0000000795580000)
  object space 68608K, 25% used [0x0000000740000000,0x00000007411073b8,0x0000000744300000)
 Metaspace       used 23888K, capacity 24143K, committed 24576K, reserved 1071104K
  class space    used 2349K, capacity 2448K, committed 2560K, reserved 1048576K
Event: 27.549 GC heap after
Heap after GC invocations=7 (full 1):
 PSYoungGen      total 44544K, used 4818K [0x0000000795580000, 0x0000000798e00000, 0x00000007c0000000)
  eden space 32256K, 0% used [0x0000000795580000,0x0000000795580000,0x0000000797500000)
  from space 12288K, 39% used [0x0000000798200000,0x00000007986b4ac0,0x0000000798e00000)
  to   space 12800K, 0% used [0x0000000797500000,0x0000000797500000,0x0000000798180000)
 ParOldGen       total 68608K, used 17444K [0x0000000740000000, 0x0000000744300000, 0x0000000795580000)
  object space 68608K, 25% used [0x0000000740000000,0x00000007411093b8,0x0000000744300000)
 Metaspace       used 23888K, capacity 24143K, committed 24576K, reserved 1071104K
  class space    used 2349K, capacity 2448K, committed 2560K, reserved 1048576K
}
Event: 35.254 GC heap before
{Heap before GC invocations=8 (full 1):
 PSYoungGen      total 44544K, used 37074K [0x0000000795580000, 0x0000000798e00000, 0x00000007c0000000)
  eden space 32256K, 100% used [0x0000000795580000,0x0000000797500000,0x0000000797500000)
  from space 12288K, 39% used [0x0000000798200000,0x00000007986b4ac0,0x0000000798e00000)
  to   space 12800K, 0% used [0x0000000797500000,0x0000000797500000,0x0000000798180000)
 ParOldGen       total 68608K, used 17444K [0x0000000740000000, 0x0000000744300000, 0x0000000795580000)
  object space 68608K, 25% used [0x0000000740000000,0x00000007411093b8,0x0000000744300000)
 Metaspace       used 23889K, capacity 24143K, committed 24576K, reserved 1071104K
  class space    used 2349K, capacity 2448K, committed 2560K, reserved 1048576K
Event: 35.258 GC heap after
Heap after GC invocations=8 (full 1):
 PSYoungGen      total 36864K, used 4818K [0x0000000795580000, 0x0000000798c80000, 0x00000007c0000000)
  eden space 31744K, 0% used [0x0000000795580000,0x0000000795580000,0x0000000797480000)
  from space 5120K, 94% used [0x0000000797500000,0x00000007979b4ac0,0x0000000797a00000)
  to   space 12288K, 0% used [0x0000000798080000,0x0000000798080000,0x0000000798c80000)
 ParOldGen       total 68608K, used 17452K [0x0000000740000000, 0x0000000744300000, 0x0000000795580000)
  object space 68608K, 25% used [0x0000000740000000,0x000000074110b3b8,0x0000000744300000)
 Metaspace       used 23889K, capacity 24143K, committed 24576K, reserved 1071104K
  class space    used 2349K, capacity 2448K, committed 2560K, reserved 1048576K
}

