# JRE version: Java(TM) SE Runtime Environment (8.0_60-b27) (build 1.8.0_60-b27)
# Java VM: Java HotSpot(TM) 64-Bit Server VM (25.60-b23 mixed mode bsd-amd64 compressed oops)
Heap:
 PSYoungGen      total 38400K, used 25112K [0x0000000795580000, 0x0000000799c80000, 0x00000007c0000000)
  eden space 33280K, 60% used [0x0000000795580000,0x000000079690a190,0x0000000797600000)
  from space 5120K, 99% used [0x0000000797600000,0x0000000797afc130,0x0000000797b00000)
  to   space 11776K, 0% used [0x0000000799100000,0x0000000799100000,0x0000000799c80000)
 ParOldGen       total 60416K, used 15748K [0x0000000740000000, 0x0000000743b00000, 0x0000000795580000)
  object space 60416K, 26% used [0x0000000740000000,0x0000000740f610a8,0x0000000743b00000)
 Metaspace       used 23877K, capacity 24105K, committed 24320K, reserved 1071104K
  class space    used 2375K, capacity 2451K, committed 2560K, reserved 1048576K
GC Heap History (10 events):
Event: 5.337 GC heap before
{Heap before GC invocations=2 (full 0):
 PSYoungGen      total 38400K, used 38307K [0x0000000795580000, 0x0000000798000000, 0x00000007c0000000)
  eden space 33280K, 100% used [0x0000000795580000,0x0000000797600000,0x0000000797600000)
  from space 5120K, 98% used [0x0000000797600000,0x0000000797ae8f68,0x0000000797b00000)
  to   space 5120K, 0% used [0x0000000797b00000,0x0000000797b00000,0x0000000798000000)
 ParOldGen       total 87552K, used 16K [0x0000000740000000, 0x0000000745580000, 0x0000000795580000)
  object space 87552K, 0% used [0x0000000740000000,0x0000000740004000,0x0000000745580000)
 Metaspace       used 20251K, capacity 20493K, committed 20736K, reserved 1067008K
  class space    used 2082K, capacity 2191K, committed 2304K, reserved 1048576K
Event: 5.349 GC heap after
Heap after GC invocations=2 (full 0):
 PSYoungGen      total 38400K, used 5088K [0x0000000795580000, 0x0000000798000000, 0x00000007c0000000)
  eden space 33280K, 0% used [0x0000000795580000,0x0000000795580000,0x0000000797600000)
  from space 5120K, 99% used [0x0000000797b00000,0x0000000797ff8040,0x0000000798000000)
  to   space 5120K, 0% used [0x0000000797600000,0x0000000797600000,0x0000000797b00000)
 ParOldGen       total 87552K, used 3748K [0x0000000740000000, 0x0000000745580000, 0x0000000795580000)
  object space 87552K, 4% used [0x0000000740000000,0x00000007403a9100,0x0000000745580000)
 Metaspace       used 20251K, capacity 20493K, committed 20736K, reserved 1067008K
  class space    used 2082K, capacity 2191K, committed 2304K, reserved 1048576K
}
Event: 5.797 GC heap before
{Heap before GC invocations=3 (full 0):
 PSYoungGen      total 38400K, used 6940K [0x0000000795580000, 0x0000000798000000, 0x00000007c0000000)
  eden space 33280K, 5% used [0x0000000795580000,0x000000079574f150,0x0000000797600000)
  from space 5120K, 99% used [0x0000000797b00000,0x0000000797ff8040,0x0000000798000000)
  to   space 5120K, 0% used [0x0000000797600000,0x0000000797600000,0x0000000797b00000)
 ParOldGen       total 87552K, used 3748K [0x0000000740000000, 0x0000000745580000, 0x0000000795580000)
  object space 87552K, 4% used [0x0000000740000000,0x00000007403a9100,0x0000000745580000)
 Metaspace       used 20873K, capacity 21145K, committed 21248K, reserved 1069056K
  class space    used 2144K, capacity 2257K, committed 2304K, reserved 1048576K
Event: 5.804 GC heap after
Heap after GC invocations=3 (full 0):
 PSYoungGen      total 38400K, used 5105K [0x0000000795580000, 0x0000000798000000, 0x00000007c0000000)
  eden space 33280K, 0% used [0x0000000795580000,0x0000000795580000,0x0000000797600000)
  from space 5120K, 99% used [0x0000000797600000,0x0000000797afc4f0,0x0000000797b00000)
  to   space 5120K, 0% used [0x0000000797b00000,0x0000000797b00000,0x0000000798000000)
 ParOldGen       total 87552K, used 4185K [0x0000000740000000, 0x0000000745580000, 0x0000000795580000)
  object space 87552K, 4% used [0x0000000740000000,0x00000007404165f8,0x0000000745580000)
 Metaspace       used 20873K, capacity 21145K, committed 21248K, reserved 1069056K
  class space    used 2144K, capacity 2257K, committed 2304K, reserved 1048576K
}
Event: 5.805 GC heap before
{Heap before GC invocations=4 (full 1):
 PSYoungGen      total 38400K, used 5105K [0x0000000795580000, 0x0000000798000000, 0x00000007c0000000)
  eden space 33280K, 0% used [0x0000000795580000,0x0000000795580000,0x0000000797600000)
  from space 5120K, 99% used [0x0000000797600000,0x0000000797afc4f0,0x0000000797b00000)
  to   space 5120K, 0% used [0x0000000797b00000,0x0000000797b00000,0x0000000798000000)
 ParOldGen       total 87552K, used 4185K [0x0000000740000000, 0x0000000745580000, 0x0000000795580000)
  object space 87552K, 4% used [0x0000000740000000,0x00000007404165f8,0x0000000745580000)
 Metaspace       used 20873K, capacity 21145K, committed 21248K, reserved 1069056K
  class space    used 2144K, capacity 2257K, committed 2304K, reserved 1048576K
Event: 5.845 GC heap after
Heap after GC invocations=4 (full 1):
 PSYoungGen      total 38400K, used 0K [0x0000000795580000, 0x0000000798000000, 0x00000007c0000000)
  eden space 33280K, 0% used [0x0000000795580000,0x0000000795580000,0x0000000797600000)
  from space 5120K, 0% used [0x0000000797600000,0x0000000797600000,0x0000000797b00000)
  to   space 5120K, 0% used [0x0000000797b00000,0x0000000797b00000,0x0000000798000000)
 ParOldGen       total 60416K, used 7202K [0x0000000740000000, 0x0000000743b00000, 0x0000000795580000)
  object space 60416K, 11% used [0x0000000740000000,0x0000000740708940,0x0000000743b00000)
 Metaspace       used 20873K, capacity 21145K, committed 21248K, reserved 1069056K
  class space    used 2144K, capacity 2257K, committed 2304K, reserved 1048576K
}
Event: 7.790 GC heap before
{Heap before GC invocations=5 (full 1):
 PSYoungGen      total 38400K, used 33280K [0x0000000795580000, 0x0000000798000000, 0x00000007c0000000)
  eden space 33280K, 100% used [0x0000000795580000,0x0000000797600000,0x0000000797600000)
  from space 5120K, 0% used [0x0000000797600000,0x0000000797600000,0x0000000797b00000)
  to   space 5120K, 0% used [0x0000000797b00000,0x0000000797b00000,0x0000000798000000)
 ParOldGen       total 60416K, used 7202K [0x0000000740000000, 0x0000000743b00000, 0x0000000795580000)
  object space 60416K, 11% used [0x0000000740000000,0x0000000740708940,0x0000000743b00000)
 Metaspace       used 23433K, capacity 23651K, committed 24064K, reserved 1071104K
  class space    used 2364K, capacity 2450K, committed 2560K, reserved 1048576K
Event: 7.800 GC heap after
Heap after GC invocations=5 (full 1):
 PSYoungGen      total 38400K, used 5117K [0x0000000795580000, 0x0000000799100000, 0x00000007c0000000)
  eden space 33280K, 0% used [0x0000000795580000,0x0000000795580000,0x0000000797600000)
  from space 5120K, 99% used [0x0000000797b00000,0x0000000797fff420,0x0000000798000000)
  to   space 5120K, 0% used [0x0000000797600000,0x0000000797600000,0x0000000797b00000)
 ParOldGen       total 60416K, used 12999K [0x0000000740000000, 0x0000000743b00000, 0x0000000795580000)
  object space 60416K, 21% used [0x0000000740000000,0x0000000740cb1ca8,0x0000000743b00000)
 Metaspace       used 23433K, capacity 23651K, committed 24064K, reserved 1071104K
  class space    used 2364K, capacity 2450K, committed 2560K, reserved 1048576K
}
Event: 9.802 GC heap before
{Heap before GC invocations=6 (full 1):
 PSYoungGen      total 38400K, used 38397K [0x0000000795580000, 0x0000000799100000, 0x00000007c0000000)
  eden space 33280K, 100% used [0x0000000795580000,0x0000000797600000,0x0000000797600000)
  from space 5120K, 99% used [0x0000000797b00000,0x0000000797fff420,0x0000000798000000)
  to   space 5120K, 0% used [0x0000000797600000,0x0000000797600000,0x0000000797b00000)
 ParOldGen       total 60416K, used 12999K [0x0000000740000000, 0x0000000743b00000, 0x0000000795580000)
  object space 60416K, 21% used [0x0000000740000000,0x0000000740cb1ca8,0x0000000743b00000)
 Metaspace       used 23750K, capacity 23977K, committed 24320K, reserved 1071104K
  class space    used 2368K, capacity 2451K, committed 2560K, reserved 1048576K
Event: 9.807 GC heap after
Heap after GC invocations=6 (full 1):
 PSYoungGen      total 38400K, used 5104K [0x0000000795580000, 0x0000000799c80000, 0x00000007c0000000)
  eden space 33280K, 0% used [0x0000000795580000,0x0000000795580000,0x0000000797600000)
  from space 5120K, 99% used [0x0000000797600000,0x0000000797afc130,0x0000000797b00000)
  to   space 11776K, 0% used [0x0000000799100000,0x0000000799100000,0x0000000799c80000)
 ParOldGen       total 60416K, used 15748K [0x0000000740000000, 0x0000000743b00000, 0x0000000795580000)
  object space 60416K, 26% used [0x0000000740000000,0x0000000740f610a8,0x0000000743b00000)
 Metaspace       used 23750K, capacity 23977K, committed 24320K, reserved 1071104K
  class space    used 2368K, capacity 2451K, committed 2560K, reserved 1048576K
}

