# JRE version: Java(TM) SE Runtime Environment (8.0_60-b27) (build 1.8.0_60-b27)
# Java VM: Java HotSpot(TM) 64-Bit Server VM (25.60-b23 mixed mode bsd-amd64 compressed oops)
Heap:
 PSYoungGen      total 45056K, used 23679K [0x0000000795580000, 0x0000000799300000, 0x00000007c0000000)
  eden space 31232K, 75% used [0x0000000795580000,0x0000000796c67f90,0x0000000797400000)
  from space 13824K, 1% used [0x0000000798300000,0x0000000798338000,0x0000000799080000)
  to   space 15360K, 0% used [0x0000000797400000,0x0000000797400000,0x0000000798300000)
 ParOldGen       total 64512K, used 23113K [0x0000000740000000, 0x0000000743f00000, 0x0000000795580000)
  object space 64512K, 35% used [0x0000000740000000,0x0000000741692788,0x0000000743f00000)
 Metaspace       used 21021K, capacity 21267K, committed 21552K, reserved 1069056K
  class space    used 2041K, capacity 2112K, committed 2176K, reserved 1048576K
GC Heap History (10 events):
Event: 12.301 GC heap before
{Heap before GC invocations=3 (full 0):
 PSYoungGen      total 38400K, used 38384K [0x0000000795580000, 0x0000000798000000, 0x00000007c0000000)
  eden space 33280K, 100% used [0x0000000795580000,0x0000000797600000,0x0000000797600000)
  from space 5120K, 99% used [0x0000000797b00000,0x0000000797ffc090,0x0000000798000000)
  to   space 5120K, 0% used [0x0000000797600000,0x0000000797600000,0x0000000797b00000)
 ParOldGen       total 87552K, used 7631K [0x0000000740000000, 0x0000000745580000, 0x0000000795580000)
  object space 87552K, 8% used [0x0000000740000000,0x0000000740773e10,0x0000000745580000)
 Metaspace       used 20625K, capacity 20813K, committed 21120K, reserved 1069056K
  class space    used 2033K, capacity 2111K, committed 2176K, reserved 1048576K
Event: 12.312 GC heap after
Heap after GC invocations=3 (full 0):
 PSYoungGen      total 38400K, used 5104K [0x0000000795580000, 0x0000000798000000, 0x00000007c0000000)
  eden space 33280K, 0% used [0x0000000795580000,0x0000000795580000,0x0000000797600000)
  from space 5120K, 99% used [0x0000000797600000,0x0000000797afc090,0x0000000797b00000)
  to   space 5120K, 0% used [0x0000000797b00000,0x0000000797b00000,0x0000000798000000)
 ParOldGen       total 87552K, used 11181K [0x0000000740000000, 0x0000000745580000, 0x0000000795580000)
  object space 87552K, 12% used [0x0000000740000000,0x0000000740aeb5b0,0x0000000745580000)
 Metaspace       used 20625K, capacity 20813K, committed 21120K, reserved 1069056K
  class space    used 2033K, capacity 2111K, committed 2176K, reserved 1048576K
}
Event: 14.834 GC heap before
{Heap before GC invocations=4 (full 0):
 PSYoungGen      total 38400K, used 38378K [0x0000000795580000, 0x0000000798000000, 0x00000007c0000000)
  eden space 33280K, 99% used [0x0000000795580000,0x00000007975feaa0,0x0000000797600000)
  from space 5120K, 99% used [0x0000000797600000,0x0000000797afc090,0x0000000797b00000)
  to   space 5120K, 0% used [0x0000000797b00000,0x0000000797b00000,0x0000000798000000)
 ParOldGen       total 87552K, used 11181K [0x0000000740000000, 0x0000000745580000, 0x0000000795580000)
  object space 87552K, 12% used [0x0000000740000000,0x0000000740aeb5b0,0x0000000745580000)
 Metaspace       used 20846K, capacity 21069K, committed 21296K, reserved 1069056K
  class space    used 2033K, capacity 2111K, committed 2176K, reserved 1048576K
Event: 14.841 GC heap after
Heap after GC invocations=4 (full 0):
 PSYoungGen      total 38400K, used 5104K [0x0000000795580000, 0x0000000798000000, 0x00000007c0000000)
  eden space 33280K, 0% used [0x0000000795580000,0x0000000795580000,0x0000000797600000)
  from space 5120K, 99% used [0x0000000797b00000,0x0000000797ffc0e0,0x0000000798000000)
  to   space 5120K, 0% used [0x0000000797600000,0x0000000797600000,0x0000000797b00000)
 ParOldGen       total 87552K, used 17341K [0x0000000740000000, 0x0000000745580000, 0x0000000795580000)
  object space 87552K, 19% used [0x0000000740000000,0x00000007410ef5a0,0x0000000745580000)
 Metaspace       used 20846K, capacity 21069K, committed 21296K, reserved 1069056K
  class space    used 2033K, capacity 2111K, committed 2176K, reserved 1048576K
}
Event: 18.801 GC heap before
{Heap before GC invocations=5 (full 0):
 PSYoungGen      total 38400K, used 33976K [0x0000000795580000, 0x0000000798000000, 0x00000007c0000000)
  eden space 33280K, 86% used [0x0000000795580000,0x00000007971b2080,0x0000000797600000)
  from space 5120K, 99% used [0x0000000797b00000,0x0000000797ffc0e0,0x0000000798000000)
  to   space 5120K, 0% used [0x0000000797600000,0x0000000797600000,0x0000000797b00000)
 ParOldGen       total 87552K, used 17341K [0x0000000740000000, 0x0000000745580000, 0x0000000795580000)
  object space 87552K, 19% used [0x0000000740000000,0x00000007410ef5a0,0x0000000745580000)
 Metaspace       used 20930K, capacity 21139K, committed 21296K, reserved 1069056K
  class space    used 2033K, capacity 2112K, committed 2176K, reserved 1048576K
Event: 18.810 GC heap after
Heap after GC invocations=5 (full 0):
 PSYoungGen      total 37888K, used 5088K [0x0000000795580000, 0x0000000799080000, 0x00000007c0000000)
  eden space 32768K, 0% used [0x0000000795580000,0x0000000795580000,0x0000000797580000)
  from space 5120K, 99% used [0x0000000797600000,0x0000000797af80e0,0x0000000797b00000)
  to   space 13824K, 0% used [0x0000000798300000,0x0000000798300000,0x0000000799080000)
 ParOldGen       total 87552K, used 19517K [0x0000000740000000, 0x0000000745580000, 0x0000000795580000)
  object space 87552K, 22% used [0x0000000740000000,0x000000074130f630,0x0000000745580000)
 Metaspace       used 20930K, capacity 21139K, committed 21296K, reserved 1069056K
  class space    used 2033K, capacity 2112K, committed 2176K, reserved 1048576K
}
Event: 18.811 GC heap before
{Heap before GC invocations=6 (full 1):
 PSYoungGen      total 37888K, used 5088K [0x0000000795580000, 0x0000000799080000, 0x00000007c0000000)
  eden space 32768K, 0% used [0x0000000795580000,0x0000000795580000,0x0000000797580000)
  from space 5120K, 99% used [0x0000000797600000,0x0000000797af80e0,0x0000000797b00000)
  to   space 13824K, 0% used [0x0000000798300000,0x0000000798300000,0x0000000799080000)
 ParOldGen       total 87552K, used 19517K [0x0000000740000000, 0x0000000745580000, 0x0000000795580000)
  object space 87552K, 22% used [0x0000000740000000,0x000000074130f630,0x0000000745580000)
 Metaspace       used 20930K, capacity 21139K, committed 21296K, reserved 1069056K
  class space    used 2033K, capacity 2112K, committed 2176K, reserved 1048576K
Event: 18.878 GC heap after
Heap after GC invocations=6 (full 1):
 PSYoungGen      total 37888K, used 0K [0x0000000795580000, 0x0000000799080000, 0x00000007c0000000)
  eden space 32768K, 0% used [0x0000000795580000,0x0000000795580000,0x0000000797580000)
  from space 5120K, 0% used [0x0000000797600000,0x0000000797600000,0x0000000797b00000)
  to   space 13824K, 0% used [0x0000000798300000,0x0000000798300000,0x0000000799080000)
 ParOldGen       total 64512K, used 23105K [0x0000000740000000, 0x0000000743f00000, 0x0000000795580000)
  object space 64512K, 35% used [0x0000000740000000,0x0000000741690788,0x0000000743f00000)
 Metaspace       used 20930K, capacity 21139K, committed 21296K, reserved 1069056K
  class space    used 2033K, capacity 2112K, committed 2176K, reserved 1048576K
}
Event: 25.463 GC heap before
{Heap before GC invocations=7 (full 1):
 PSYoungGen      total 37888K, used 32768K [0x0000000795580000, 0x0000000799080000, 0x00000007c0000000)
  eden space 32768K, 100% used [0x0000000795580000,0x0000000797580000,0x0000000797580000)
  from space 5120K, 0% used [0x0000000797600000,0x0000000797600000,0x0000000797b00000)
  to   space 13824K, 0% used [0x0000000798300000,0x0000000798300000,0x0000000799080000)
 ParOldGen       total 64512K, used 23105K [0x0000000740000000, 0x0000000743f00000, 0x0000000795580000)
  object space 64512K, 35% used [0x0000000740000000,0x0000000741690788,0x0000000743f00000)
 Metaspace       used 20989K, capacity 21203K, committed 21552K, reserved 1069056K
  class space    used 2033K, capacity 2112K, committed 2176K, reserved 1048576K
Event: 25.464 GC heap after
Heap after GC invocations=7 (full 1):
 PSYoungGen      total 45056K, used 224K [0x0000000795580000, 0x0000000799300000, 0x00000007c0000000)
  eden space 31232K, 0% used [0x0000000795580000,0x0000000795580000,0x0000000797400000)
  from space 13824K, 1% used [0x0000000798300000,0x0000000798338000,0x0000000799080000)
  to   space 15360K, 0% used [0x0000000797400000,0x0000000797400000,0x0000000798300000)
 ParOldGen       total 64512K, used 23113K [0x0000000740000000, 0x0000000743f00000, 0x0000000795580000)
  object space 64512K, 35% used [0x0000000740000000,0x0000000741692788,0x0000000743f00000)
 Metaspace       used 20989K, capacity 21203K, committed 21552K, reserved 1069056K
  class space    used 2033K, capacity 2112K, committed 2176K, reserved 1048576K
}

