# JRE version: Java(TM) SE Runtime Environment (8.0_60-b27) (build 1.8.0_60-b27)
# Java VM: Java HotSpot(TM) 64-Bit Server VM (25.60-b23 mixed mode bsd-amd64 compressed oops)
Heap:
 PSYoungGen      total 45056K, used 27737K [0x0000000795580000, 0x0000000798e00000, 0x00000007c0000000)
  eden space 39424K, 57% used [0x0000000795580000,0x0000000796b92598,0x0000000797c00000)
  from space 5632K, 91% used [0x0000000797c80000,0x00000007981840e0,0x0000000798200000)
  to   space 9216K, 0% used [0x0000000798500000,0x0000000798500000,0x0000000798e00000)
 ParOldGen       total 60416K, used 14508K [0x0000000740000000, 0x0000000743b00000, 0x0000000795580000)
  object space 60416K, 24% used [0x0000000740000000,0x0000000740e2b108,0x0000000743b00000)
 Metaspace       used 24096K, capacity 24289K, committed 24576K, reserved 1071104K
  class space    used 2376K, capacity 2451K, committed 2560K, reserved 1048576K
GC Heap History (10 events):
Event: 78.823 GC heap before
{Heap before GC invocations=14 (full 1):
 PSYoungGen      total 51200K, used 47120K [0x0000000795580000, 0x0000000799280000, 0x00000007c0000000)
  eden space 41984K, 100% used [0x0000000795580000,0x0000000797e80000,0x0000000797e80000)
  from space 9216K, 55% used [0x0000000798980000,0x0000000798e840e0,0x0000000799280000)
  to   space 10240K, 0% used [0x0000000797e80000,0x0000000797e80000,0x0000000798880000)
 ParOldGen       total 60416K, used 14500K [0x0000000740000000, 0x0000000743b00000, 0x0000000795580000)
  object space 60416K, 24% used [0x0000000740000000,0x0000000740e29108,0x0000000743b00000)
 Metaspace       used 24059K, capacity 24289K, committed 24576K, reserved 1071104K
  class space    used 2368K, capacity 2451K, committed 2560K, reserved 1048576K
Event: 78.825 GC heap after
Heap after GC invocations=14 (full 1):
 PSYoungGen      total 46592K, used 5072K [0x0000000795580000, 0x0000000799200000, 0x00000007c0000000)
  eden space 41472K, 0% used [0x0000000795580000,0x0000000795580000,0x0000000797e00000)
  from space 5120K, 99% used [0x0000000797e80000,0x00000007983740e0,0x0000000798380000)
  to   space 10240K, 0% used [0x0000000798800000,0x0000000798800000,0x0000000799200000)
 ParOldGen       total 60416K, used 14500K [0x0000000740000000, 0x0000000743b00000, 0x0000000795580000)
  object space 60416K, 24% used [0x0000000740000000,0x0000000740e29108,0x0000000743b00000)
 Metaspace       used 24059K, capacity 24289K, committed 24576K, reserved 1071104K
  class space    used 2368K, capacity 2451K, committed 2560K, reserved 1048576K
}
Event: 87.170 GC heap before
{Heap before GC invocations=15 (full 1):
 PSYoungGen      total 46592K, used 46544K [0x0000000795580000, 0x0000000799200000, 0x00000007c0000000)
  eden space 41472K, 100% used [0x0000000795580000,0x0000000797e00000,0x0000000797e00000)
  from space 5120K, 99% used [0x0000000797e80000,0x00000007983740e0,0x0000000798380000)
  to   space 10240K, 0% used [0x0000000798800000,0x0000000798800000,0x0000000799200000)
 ParOldGen       total 60416K, used 14500K [0x0000000740000000, 0x0000000743b00000, 0x0000000795580000)
  object space 60416K, 24% used [0x0000000740000000,0x0000000740e29108,0x0000000743b00000)
 Metaspace       used 24059K, capacity 24289K, committed 24576K, reserved 1071104K
  class space    used 2368K, capacity 2451K, committed 2560K, reserved 1048576K
Event: 87.174 GC heap after
Heap after GC invocations=15 (full 1):
 PSYoungGen      total 49664K, used 5104K [0x0000000795580000, 0x0000000799080000, 0x00000007c0000000)
  eden space 40960K, 0% used [0x0000000795580000,0x0000000795580000,0x0000000797d80000)
  from space 8704K, 58% used [0x0000000798800000,0x0000000798cfc0e0,0x0000000799080000)
  to   space 9728K, 0% used [0x0000000797d80000,0x0000000797d80000,0x0000000798700000)
 ParOldGen       total 60416K, used 14500K [0x0000000740000000, 0x0000000743b00000, 0x0000000795580000)
  object space 60416K, 24% used [0x0000000740000000,0x0000000740e29108,0x0000000743b00000)
 Metaspace       used 24059K, capacity 24289K, committed 24576K, reserved 1071104K
  class space    used 2368K, capacity 2451K, committed 2560K, reserved 1048576K
}
Event: 95.321 GC heap before
{Heap before GC invocations=16 (full 1):
 PSYoungGen      total 49664K, used 46064K [0x0000000795580000, 0x0000000799080000, 0x00000007c0000000)
  eden space 40960K, 100% used [0x0000000795580000,0x0000000797d80000,0x0000000797d80000)
  from space 8704K, 58% used [0x0000000798800000,0x0000000798cfc0e0,0x0000000799080000)
  to   space 9728K, 0% used [0x0000000797d80000,0x0000000797d80000,0x0000000798700000)
 ParOldGen       total 60416K, used 14500K [0x0000000740000000, 0x0000000743b00000, 0x0000000795580000)
  object space 60416K, 24% used [0x0000000740000000,0x0000000740e29108,0x0000000743b00000)
 Metaspace       used 24059K, capacity 24289K, committed 24576K, reserved 1071104K
  class space    used 2368K, capacity 2451K, committed 2560K, reserved 1048576K
Event: 95.325 GC heap after
Heap after GC invocations=16 (full 1):
 PSYoungGen      total 46080K, used 5120K [0x0000000795580000, 0x0000000799000000, 0x00000007c0000000)
  eden space 40448K, 0% used [0x0000000795580000,0x0000000795580000,0x0000000797d00000)
  from space 5632K, 90% used [0x0000000797d80000,0x00000007982800f0,0x0000000798300000)
  to   space 9728K, 0% used [0x0000000798680000,0x0000000798680000,0x0000000799000000)
 ParOldGen       total 60416K, used 14500K [0x0000000740000000, 0x0000000743b00000, 0x0000000795580000)
  object space 60416K, 24% used [0x0000000740000000,0x0000000740e29108,0x0000000743b00000)
 Metaspace       used 24059K, capacity 24289K, committed 24576K, reserved 1071104K
  class space    used 2368K, capacity 2451K, committed 2560K, reserved 1048576K
}
Event: 103.416 GC heap before
{Heap before GC invocations=17 (full 1):
 PSYoungGen      total 46080K, used 45568K [0x0000000795580000, 0x0000000799000000, 0x00000007c0000000)
  eden space 40448K, 100% used [0x0000000795580000,0x0000000797d00000,0x0000000797d00000)
  from space 5632K, 90% used [0x0000000797d80000,0x00000007982800f0,0x0000000798300000)
  to   space 9728K, 0% used [0x0000000798680000,0x0000000798680000,0x0000000799000000)
 ParOldGen       total 60416K, used 14500K [0x0000000740000000, 0x0000000743b00000, 0x0000000795580000)
  object space 60416K, 24% used [0x0000000740000000,0x0000000740e29108,0x0000000743b00000)
 Metaspace       used 24059K, capacity 24289K, committed 24576K, reserved 1071104K
  class space    used 2368K, capacity 2451K, committed 2560K, reserved 1048576K
Event: 103.422 GC heap after
Heap after GC invocations=17 (full 1):
 PSYoungGen      total 48128K, used 5184K [0x0000000795580000, 0x0000000798e80000, 0x00000007c0000000)
  eden space 39936K, 0% used [0x0000000795580000,0x0000000795580000,0x0000000797c80000)
  from space 8192K, 63% used [0x0000000798680000,0x0000000798b900f0,0x0000000798e80000)
  to   space 9216K, 0% used [0x0000000797c80000,0x0000000797c80000,0x0000000798580000)
 ParOldGen       total 60416K, used 14508K [0x0000000740000000, 0x0000000743b00000, 0x0000000795580000)
  object space 60416K, 24% used [0x0000000740000000,0x0000000740e2b108,0x0000000743b00000)
 Metaspace       used 24059K, capacity 24289K, committed 24576K, reserved 1071104K
  class space    used 2368K, capacity 2451K, committed 2560K, reserved 1048576K
}
Event: 111.484 GC heap before
{Heap before GC invocations=18 (full 1):
 PSYoungGen      total 48128K, used 45120K [0x0000000795580000, 0x0000000798e80000, 0x00000007c0000000)
  eden space 39936K, 100% used [0x0000000795580000,0x0000000797c80000,0x0000000797c80000)
  from space 8192K, 63% used [0x0000000798680000,0x0000000798b900f0,0x0000000798e80000)
  to   space 9216K, 0% used [0x0000000797c80000,0x0000000797c80000,0x0000000798580000)
 ParOldGen       total 60416K, used 14508K [0x0000000740000000, 0x0000000743b00000, 0x0000000795580000)
  object space 60416K, 24% used [0x0000000740000000,0x0000000740e2b108,0x0000000743b00000)
 Metaspace       used 24060K, capacity 24289K, committed 24576K, reserved 1071104K
  class space    used 2368K, capacity 2451K, committed 2560K, reserved 1048576K
Event: 111.490 GC heap after
Heap after GC invocations=18 (full 1):
 PSYoungGen      total 45056K, used 5136K [0x0000000795580000, 0x0000000798e00000, 0x00000007c0000000)
  eden space 39424K, 0% used [0x0000000795580000,0x0000000795580000,0x0000000797c00000)
  from space 5632K, 91% used [0x0000000797c80000,0x00000007981840e0,0x0000000798200000)
  to   space 9216K, 0% used [0x0000000798500000,0x0000000798500000,0x0000000798e00000)
 ParOldGen       total 60416K, used 14508K [0x0000000740000000, 0x0000000743b00000, 0x0000000795580000)
  object space 60416K, 24% used [0x0000000740000000,0x0000000740e2b108,0x0000000743b00000)
 Metaspace       used 24060K, capacity 24289K, committed 24576K, reserved 1071104K
  class space    used 2368K, capacity 2451K, committed 2560K, reserved 1048576K
}

