# JRE version: Java(TM) SE Runtime Environment (8.0_60-b27) (build 1.8.0_60-b27)
# Java VM: Java HotSpot(TM) 64-Bit Server VM (25.60-b23 mixed mode bsd-amd64 compressed oops)
Heap:
 PSYoungGen      total 68608K, used 9673K [0x0000000795580000, 0x000000079ab00000, 0x00000007c0000000)
  eden space 55808K, 8% used [0x0000000795580000,0x0000000795a1a5a8,0x0000000798c00000)
  from space 12800K, 38% used [0x0000000798c00000,0x00000007990d8170,0x0000000799880000)
  to   space 12288K, 0% used [0x0000000799f00000,0x0000000799f00000,0x000000079ab00000)
 ParOldGen       total 62464K, used 16547K [0x0000000740000000, 0x0000000743d00000, 0x0000000795580000)
  object space 62464K, 26% used [0x0000000740000000,0x0000000741028fc8,0x0000000743d00000)
 Metaspace       used 24194K, capacity 24483K, committed 24832K, reserved 1071104K
  class space    used 2373K, capacity 2450K, committed 2560K, reserved 1048576K
GC Heap History (10 events):
Event: 8.358 GC heap before
{Heap before GC invocations=6 (full 1):
 PSYoungGen      total 38400K, used 38384K [0x0000000795580000, 0x0000000798e80000, 0x00000007c0000000)
  eden space 33280K, 100% used [0x0000000795580000,0x0000000797600000,0x0000000797600000)
  from space 5120K, 99% used [0x0000000797b00000,0x0000000797ffc190,0x0000000798000000)
  to   space 5120K, 0% used [0x0000000797600000,0x0000000797600000,0x0000000797b00000)
 ParOldGen       total 62464K, used 15491K [0x0000000740000000, 0x0000000743d00000, 0x0000000795580000)
  object space 62464K, 24% used [0x0000000740000000,0x0000000740f20f88,0x0000000743d00000)
 Metaspace       used 23814K, capacity 24035K, committed 24320K, reserved 1071104K
  class space    used 2362K, capacity 2450K, committed 2560K, reserved 1048576K
Event: 8.363 GC heap after
Heap after GC invocations=6 (full 1):
 PSYoungGen      total 38400K, used 4992K [0x0000000795580000, 0x0000000799e00000, 0x00000007c0000000)
  eden space 33280K, 0% used [0x0000000795580000,0x0000000795580000,0x0000000797600000)
  from space 5120K, 97% used [0x0000000797600000,0x0000000797ae0190,0x0000000797b00000)
  to   space 13824K, 0% used [0x0000000799080000,0x0000000799080000,0x0000000799e00000)
 ParOldGen       total 62464K, used 16523K [0x0000000740000000, 0x0000000743d00000, 0x0000000795580000)
  object space 62464K, 26% used [0x0000000740000000,0x0000000741022fc8,0x0000000743d00000)
 Metaspace       used 23814K, capacity 24035K, committed 24320K, reserved 1071104K
  class space    used 2362K, capacity 2450K, committed 2560K, reserved 1048576K
}
Event: 12.539 GC heap before
{Heap before GC invocations=7 (full 1):
 PSYoungGen      total 38400K, used 38272K [0x0000000795580000, 0x0000000799e00000, 0x00000007c0000000)
  eden space 33280K, 100% used [0x0000000795580000,0x0000000797600000,0x0000000797600000)
  from space 5120K, 97% used [0x0000000797600000,0x0000000797ae0190,0x0000000797b00000)
  to   space 13824K, 0% used [0x0000000799080000,0x0000000799080000,0x0000000799e00000)
 ParOldGen       total 62464K, used 16523K [0x0000000740000000, 0x0000000743d00000, 0x0000000795580000)
  object space 62464K, 26% used [0x0000000740000000,0x0000000741022fc8,0x0000000743d00000)
 Metaspace       used 24003K, capacity 24227K, committed 24576K, reserved 1071104K
  class space    used 2362K, capacity 2450K, committed 2560K, reserved 1048576K
Event: 12.542 GC heap after
Heap after GC invocations=7 (full 1):
 PSYoungGen      total 56320K, used 4928K [0x0000000795580000, 0x0000000799c00000, 0x00000007c0000000)
  eden space 44544K, 0% used [0x0000000795580000,0x0000000795580000,0x0000000798100000)
  from space 11776K, 41% used [0x0000000799080000,0x00000007995501b0,0x0000000799c00000)
  to   space 13824K, 0% used [0x0000000798100000,0x0000000798100000,0x0000000798e80000)
 ParOldGen       total 62464K, used 16531K [0x0000000740000000, 0x0000000743d00000, 0x0000000795580000)
  object space 62464K, 26% used [0x0000000740000000,0x0000000741024fc8,0x0000000743d00000)
 Metaspace       used 24003K, capacity 24227K, committed 24576K, reserved 1071104K
  class space    used 2362K, capacity 2450K, committed 2560K, reserved 1048576K
}
Event: 18.138 GC heap before
{Heap before GC invocations=8 (full 1):
 PSYoungGen      total 56320K, used 49472K [0x0000000795580000, 0x0000000799c00000, 0x00000007c0000000)
  eden space 44544K, 100% used [0x0000000795580000,0x0000000798100000,0x0000000798100000)
  from space 11776K, 41% used [0x0000000799080000,0x00000007995501b0,0x0000000799c00000)
  to   space 13824K, 0% used [0x0000000798100000,0x0000000798100000,0x0000000798e80000)
 ParOldGen       total 62464K, used 16531K [0x0000000740000000, 0x0000000743d00000, 0x0000000795580000)
  object space 62464K, 26% used [0x0000000740000000,0x0000000741024fc8,0x0000000743d00000)
 Metaspace       used 24073K, capacity 24291K, committed 24576K, reserved 1071104K
  class space    used 2362K, capacity 2450K, committed 2560K, reserved 1048576K
Event: 18.141 GC heap after
Heap after GC invocations=8 (full 1):
 PSYoungGen      total 58368K, used 4880K [0x0000000795580000, 0x000000079a780000, 0x00000007c0000000)
  eden space 44544K, 0% used [0x0000000795580000,0x0000000795580000,0x0000000798100000)
  from space 13824K, 35% used [0x0000000798100000,0x00000007985c4160,0x0000000798e80000)
  to   space 13312K, 0% used [0x0000000799a80000,0x0000000799a80000,0x000000079a780000)
 ParOldGen       total 62464K, used 16539K [0x0000000740000000, 0x0000000743d00000, 0x0000000795580000)
  object space 62464K, 26% used [0x0000000740000000,0x0000000741026fc8,0x0000000743d00000)
 Metaspace       used 24073K, capacity 24291K, committed 24576K, reserved 1071104K
  class space    used 2362K, capacity 2450K, committed 2560K, reserved 1048576K
}
Event: 23.722 GC heap before
{Heap before GC invocations=9 (full 1):
 PSYoungGen      total 58368K, used 49424K [0x0000000795580000, 0x000000079a780000, 0x00000007c0000000)
  eden space 44544K, 100% used [0x0000000795580000,0x0000000798100000,0x0000000798100000)
  from space 13824K, 35% used [0x0000000798100000,0x00000007985c4160,0x0000000798e80000)
  to   space 13312K, 0% used [0x0000000799a80000,0x0000000799a80000,0x000000079a780000)
 ParOldGen       total 62464K, used 16539K [0x0000000740000000, 0x0000000743d00000, 0x0000000795580000)
  object space 62464K, 26% used [0x0000000740000000,0x0000000741026fc8,0x0000000743d00000)
 Metaspace       used 24074K, capacity 24291K, committed 24576K, reserved 1071104K
  class space    used 2362K, capacity 2450K, committed 2560K, reserved 1048576K
Event: 23.729 GC heap after
Heap after GC invocations=9 (full 1):
 PSYoungGen      total 66560K, used 4816K [0x0000000795580000, 0x000000079a500000, 0x00000007c0000000)
  eden space 55808K, 0% used [0x0000000795580000,0x0000000795580000,0x0000000798c00000)
  from space 10752K, 44% used [0x0000000799a80000,0x0000000799f34180,0x000000079a500000)
  to   space 12800K, 0% used [0x0000000798c00000,0x0000000798c00000,0x0000000799880000)
 ParOldGen       total 62464K, used 16539K [0x0000000740000000, 0x0000000743d00000, 0x0000000795580000)
  object space 62464K, 26% used [0x0000000740000000,0x0000000741026fc8,0x0000000743d00000)
 Metaspace       used 24074K, capacity 24291K, committed 24576K, reserved 1071104K
  class space    used 2362K, capacity 2450K, committed 2560K, reserved 1048576K
}
Event: 31.683 GC heap before
{Heap before GC invocations=10 (full 1):
 PSYoungGen      total 66560K, used 60624K [0x0000000795580000, 0x000000079a500000, 0x00000007c0000000)
  eden space 55808K, 100% used [0x0000000795580000,0x0000000798c00000,0x0000000798c00000)
  from space 10752K, 44% used [0x0000000799a80000,0x0000000799f34180,0x000000079a500000)
  to   space 12800K, 0% used [0x0000000798c00000,0x0000000798c00000,0x0000000799880000)
 ParOldGen       total 62464K, used 16539K [0x0000000740000000, 0x0000000743d00000, 0x0000000795580000)
  object space 62464K, 26% used [0x0000000740000000,0x0000000741026fc8,0x0000000743d00000)
 Metaspace       used 24157K, capacity 24355K, committed 24576K, reserved 1071104K
  class space    used 2366K, capacity 2450K, committed 2560K, reserved 1048576K
Event: 31.687 GC heap after
Heap after GC invocations=10 (full 1):
 PSYoungGen      total 68608K, used 4960K [0x0000000795580000, 0x000000079ab00000, 0x00000007c0000000)
  eden space 55808K, 0% used [0x0000000795580000,0x0000000795580000,0x0000000798c00000)
  from space 12800K, 38% used [0x0000000798c00000,0x00000007990d8170,0x0000000799880000)
  to   space 12288K, 0% used [0x0000000799f00000,0x0000000799f00000,0x000000079ab00000)
 ParOldGen       total 62464K, used 16547K [0x0000000740000000, 0x0000000743d00000, 0x0000000795580000)
  object space 62464K, 26% used [0x0000000740000000,0x0000000741028fc8,0x0000000743d00000)
 Metaspace       used 24157K, capacity 24355K, committed 24576K, reserved 1071104K
  class space    used 2366K, capacity 2450K, committed 2560K, reserved 1048576K
}

