# JRE version: Java(TM) SE Runtime Environment (8.0_60-b27) (build 1.8.0_60-b27)
# Java VM: Java HotSpot(TM) 64-Bit Server VM (25.60-b23 mixed mode bsd-amd64 compressed oops)
Heap:
 PSYoungGen      total 52736K, used 34693K [0x0000000795580000, 0x000000079a300000, 0x00000007c0000000)
  eden space 47616K, 62% used [0x0000000795580000,0x0000000797265438,0x0000000798400000)
  from space 5120K, 99% used [0x0000000798680000,0x0000000798b7c190,0x0000000798b80000)
  to   space 15872K, 0% used [0x0000000799380000,0x0000000799380000,0x000000079a300000)
 ParOldGen       total 64000K, used 24131K [0x0000000740000000, 0x0000000743e80000, 0x0000000795580000)
  object space 64000K, 37% used [0x0000000740000000,0x0000000741790d78,0x0000000743e80000)
 Metaspace       used 23741K, capacity 23953K, committed 24320K, reserved 1071104K
  class space    used 2349K, capacity 2449K, committed 2560K, reserved 1048576K
GC Heap History (10 events):
Event: 6.884 GC heap before
{Heap before GC invocations=2 (full 0):
 PSYoungGen      total 38400K, used 28706K [0x0000000795580000, 0x0000000798000000, 0x00000007c0000000)
  eden space 33280K, 71% used [0x0000000795580000,0x0000000796c97880,0x0000000797600000)
  from space 5120K, 98% used [0x0000000797600000,0x0000000797af11a8,0x0000000797b00000)
  to   space 5120K, 0% used [0x0000000797b00000,0x0000000797b00000,0x0000000798000000)
 ParOldGen       total 87552K, used 16K [0x0000000740000000, 0x0000000745580000, 0x0000000795580000)
  object space 87552K, 0% used [0x0000000740000000,0x0000000740004000,0x0000000745580000)
 Metaspace       used 20795K, capacity 21057K, committed 21248K, reserved 1069056K
  class space    used 2140K, capacity 2255K, committed 2304K, reserved 1048576K
Event: 6.900 GC heap after
Heap after GC invocations=2 (full 0):
 PSYoungGen      total 38400K, used 5106K [0x0000000795580000, 0x0000000798000000, 0x00000007c0000000)
  eden space 33280K, 0% used [0x0000000795580000,0x0000000795580000,0x0000000797600000)
  from space 5120K, 99% used [0x0000000797b00000,0x0000000797ffcbf0,0x0000000798000000)
  to   space 5120K, 0% used [0x0000000797600000,0x0000000797600000,0x0000000797b00000)
 ParOldGen       total 87552K, used 3550K [0x0000000740000000, 0x0000000745580000, 0x0000000795580000)
  object space 87552K, 4% used [0x0000000740000000,0x0000000740377838,0x0000000745580000)
 Metaspace       used 20795K, capacity 21057K, committed 21248K, reserved 1069056K
  class space    used 2140K, capacity 2255K, committed 2304K, reserved 1048576K
}
Event: 6.900 GC heap before
{Heap before GC invocations=3 (full 1):
 PSYoungGen      total 38400K, used 5106K [0x0000000795580000, 0x0000000798000000, 0x00000007c0000000)
  eden space 33280K, 0% used [0x0000000795580000,0x0000000795580000,0x0000000797600000)
  from space 5120K, 99% used [0x0000000797b00000,0x0000000797ffcbf0,0x0000000798000000)
  to   space 5120K, 0% used [0x0000000797600000,0x0000000797600000,0x0000000797b00000)
 ParOldGen       total 87552K, used 3550K [0x0000000740000000, 0x0000000745580000, 0x0000000795580000)
  object space 87552K, 4% used [0x0000000740000000,0x0000000740377838,0x0000000745580000)
 Metaspace       used 20795K, capacity 21057K, committed 21248K, reserved 1069056K
  class space    used 2140K, capacity 2255K, committed 2304K, reserved 1048576K
Event: 6.940 GC heap after
Heap after GC invocations=3 (full 1):
 PSYoungGen      total 38400K, used 0K [0x0000000795580000, 0x0000000798000000, 0x00000007c0000000)
  eden space 33280K, 0% used [0x0000000795580000,0x0000000795580000,0x0000000797600000)
  from space 5120K, 0% used [0x0000000797b00000,0x0000000797b00000,0x0000000798000000)
  to   space 5120K, 0% used [0x0000000797600000,0x0000000797600000,0x0000000797b00000)
 ParOldGen       total 64000K, used 8464K [0x0000000740000000, 0x0000000743e80000, 0x0000000795580000)
  object space 64000K, 13% used [0x0000000740000000,0x00000007408442f0,0x0000000743e80000)
 Metaspace       used 20795K, capacity 21057K, committed 21248K, reserved 1069056K
  class space    used 2140K, capacity 2255K, committed 2304K, reserved 1048576K
}
Event: 9.566 GC heap before
{Heap before GC invocations=4 (full 1):
 PSYoungGen      total 38400K, used 33280K [0x0000000795580000, 0x0000000798000000, 0x00000007c0000000)
  eden space 33280K, 100% used [0x0000000795580000,0x0000000797600000,0x0000000797600000)
  from space 5120K, 0% used [0x0000000797b00000,0x0000000797b00000,0x0000000798000000)
  to   space 5120K, 0% used [0x0000000797600000,0x0000000797600000,0x0000000797b00000)
 ParOldGen       total 64000K, used 8464K [0x0000000740000000, 0x0000000743e80000, 0x0000000795580000)
  object space 64000K, 13% used [0x0000000740000000,0x00000007408442f0,0x0000000743e80000)
 Metaspace       used 23057K, capacity 23361K, committed 23808K, reserved 1071104K
  class space    used 2338K, capacity 2447K, committed 2560K, reserved 1048576K
Event: 9.583 GC heap after
Heap after GC invocations=4 (full 1):
 PSYoungGen      total 38400K, used 5104K [0x0000000795580000, 0x0000000799080000, 0x00000007c0000000)
  eden space 33280K, 0% used [0x0000000795580000,0x0000000795580000,0x0000000797600000)
  from space 5120K, 99% used [0x0000000797600000,0x0000000797afc180,0x0000000797b00000)
  to   space 5120K, 0% used [0x0000000798b80000,0x0000000798b80000,0x0000000799080000)
 ParOldGen       total 64000K, used 15674K [0x0000000740000000, 0x0000000743e80000, 0x0000000795580000)
  object space 64000K, 24% used [0x0000000740000000,0x0000000740f4ea98,0x0000000743e80000)
 Metaspace       used 23057K, capacity 23361K, committed 23808K, reserved 1071104K
  class space    used 2338K, capacity 2447K, committed 2560K, reserved 1048576K
}
Event: 15.840 GC heap before
{Heap before GC invocations=5 (full 1):
 PSYoungGen      total 38400K, used 38384K [0x0000000795580000, 0x0000000799080000, 0x00000007c0000000)
  eden space 33280K, 100% used [0x0000000795580000,0x0000000797600000,0x0000000797600000)
  from space 5120K, 99% used [0x0000000797600000,0x0000000797afc180,0x0000000797b00000)
  to   space 5120K, 0% used [0x0000000798b80000,0x0000000798b80000,0x0000000799080000)
 ParOldGen       total 64000K, used 15674K [0x0000000740000000, 0x0000000743e80000, 0x0000000795580000)
  object space 64000K, 24% used [0x0000000740000000,0x0000000740f4ea98,0x0000000743e80000)
 Metaspace       used 23594K, capacity 23825K, committed 24064K, reserved 1071104K
  class space    used 2341K, capacity 2449K, committed 2560K, reserved 1048576K
Event: 15.849 GC heap after
Heap after GC invocations=5 (full 1):
 PSYoungGen      total 53760K, used 5040K [0x0000000795580000, 0x0000000799080000, 0x00000007c0000000)
  eden space 48640K, 0% used [0x0000000795580000,0x0000000795580000,0x0000000798500000)
  from space 5120K, 98% used [0x0000000798b80000,0x000000079906c1a0,0x0000000799080000)
  to   space 5120K, 0% used [0x0000000798680000,0x0000000798680000,0x0000000798b80000)
 ParOldGen       total 64000K, used 17218K [0x0000000740000000, 0x0000000743e80000, 0x0000000795580000)
  object space 64000K, 26% used [0x0000000740000000,0x00000007410d0ae8,0x0000000743e80000)
 Metaspace       used 23594K, capacity 23825K, committed 24064K, reserved 1071104K
  class space    used 2341K, capacity 2449K, committed 2560K, reserved 1048576K
}
Event: 17.791 GC heap before
{Heap before GC invocations=6 (full 1):
 PSYoungGen      total 53760K, used 53680K [0x0000000795580000, 0x0000000799080000, 0x00000007c0000000)
  eden space 48640K, 100% used [0x0000000795580000,0x0000000798500000,0x0000000798500000)
  from space 5120K, 98% used [0x0000000798b80000,0x000000079906c1a0,0x0000000799080000)
  to   space 5120K, 0% used [0x0000000798680000,0x0000000798680000,0x0000000798b80000)
 ParOldGen       total 64000K, used 17218K [0x0000000740000000, 0x0000000743e80000, 0x0000000795580000)
  object space 64000K, 26% used [0x0000000740000000,0x00000007410d0ae8,0x0000000743e80000)
 Metaspace       used 23632K, capacity 23889K, committed 24320K, reserved 1071104K
  class space    used 2341K, capacity 2449K, committed 2560K, reserved 1048576K
Event: 17.799 GC heap after
Heap after GC invocations=6 (full 1):
 PSYoungGen      total 52736K, used 5104K [0x0000000795580000, 0x000000079a300000, 0x00000007c0000000)
  eden space 47616K, 0% used [0x0000000795580000,0x0000000795580000,0x0000000798400000)
  from space 5120K, 99% used [0x0000000798680000,0x0000000798b7c190,0x0000000798b80000)
  to   space 15872K, 0% used [0x0000000799380000,0x0000000799380000,0x000000079a300000)
 ParOldGen       total 64000K, used 24131K [0x0000000740000000, 0x0000000743e80000, 0x0000000795580000)
  object space 64000K, 37% used [0x0000000740000000,0x0000000741790d78,0x0000000743e80000)
 Metaspace       used 23632K, capacity 23889K, committed 24320K, reserved 1071104K
  class space    used 2341K, capacity 2449K, committed 2560K, reserved 1048576K
}

