# JRE version: Java(TM) SE Runtime Environment (8.0_60-b27) (build 1.8.0_60-b27)
# Java VM: Java HotSpot(TM) 64-Bit Server VM (25.60-b23 mixed mode bsd-amd64 compressed oops)
Heap:
 PSYoungGen      total 78848K, used 27139K [0x0000000795580000, 0x000000079c500000, 0x00000007c0000000)
  eden space 64000K, 19% used [0x0000000795580000,0x00000007961a0b80,0x0000000799400000)
  from space 14848K, 99% used [0x0000000799400000,0x000000079a260420,0x000000079a280000)
  to   space 16896K, 0% used [0x000000079b480000,0x000000079b480000,0x000000079c500000)
 ParOldGen       total 59904K, used 21815K [0x0000000740000000, 0x0000000743a80000, 0x0000000795580000)
  object space 59904K, 36% used [0x0000000740000000,0x000000074154dd10,0x0000000743a80000)
 Metaspace       used 24206K, capacity 24481K, committed 24832K, reserved 1071104K
  class space    used 2377K, capacity 2451K, committed 2560K, reserved 1048576K
GC Heap History (10 events):
Event: 8.487 GC heap before
{Heap before GC invocations=6 (full 1):
 PSYoungGen      total 38400K, used 38384K [0x0000000795580000, 0x0000000799180000, 0x00000007c0000000)
  eden space 33280K, 100% used [0x0000000795580000,0x0000000797600000,0x0000000797600000)
  from space 5120K, 99% used [0x0000000797b00000,0x0000000797ffc1e0,0x0000000798000000)
  to   space 5120K, 0% used [0x0000000797600000,0x0000000797600000,0x0000000797b00000)
 ParOldGen       total 59904K, used 13549K [0x0000000740000000, 0x0000000743a80000, 0x0000000795580000)
  object space 59904K, 22% used [0x0000000740000000,0x0000000740d3b7a0,0x0000000743a80000)
 Metaspace       used 23730K, capacity 23969K, committed 24320K, reserved 1071104K
  class space    used 2369K, capacity 2451K, committed 2560K, reserved 1048576K
Event: 8.493 GC heap after
Heap after GC invocations=6 (full 1):
 PSYoungGen      total 38400K, used 5104K [0x0000000795580000, 0x0000000799e00000, 0x00000007c0000000)
  eden space 33280K, 0% used [0x0000000795580000,0x0000000795580000,0x0000000797600000)
  from space 5120K, 99% used [0x0000000797600000,0x0000000797afc1d0,0x0000000797b00000)
  to   space 12288K, 0% used [0x0000000799200000,0x0000000799200000,0x0000000799e00000)
 ParOldGen       total 59904K, used 15382K [0x0000000740000000, 0x0000000743a80000, 0x0000000795580000)
  object space 59904K, 25% used [0x0000000740000000,0x0000000740f05b80,0x0000000743a80000)
 Metaspace       used 23730K, capacity 23969K, committed 24320K, reserved 1071104K
  class space    used 2369K, capacity 2451K, committed 2560K, reserved 1048576K
}
Event: 13.477 GC heap before
{Heap before GC invocations=7 (full 1):
 PSYoungGen      total 38400K, used 38384K [0x0000000795580000, 0x0000000799e00000, 0x00000007c0000000)
  eden space 33280K, 100% used [0x0000000795580000,0x0000000797600000,0x0000000797600000)
  from space 5120K, 99% used [0x0000000797600000,0x0000000797afc1d0,0x0000000797b00000)
  to   space 12288K, 0% used [0x0000000799200000,0x0000000799200000,0x0000000799e00000)
 ParOldGen       total 59904K, used 15382K [0x0000000740000000, 0x0000000743a80000, 0x0000000795580000)
  object space 59904K, 25% used [0x0000000740000000,0x0000000740f05b80,0x0000000743a80000)
 Metaspace       used 23960K, capacity 24225K, committed 24576K, reserved 1071104K
  class space    used 2370K, capacity 2451K, committed 2560K, reserved 1048576K
Event: 13.480 GC heap after
Heap after GC invocations=7 (full 1):
 PSYoungGen      total 57856K, used 5264K [0x0000000795580000, 0x0000000799c00000, 0x00000007c0000000)
  eden space 47616K, 0% used [0x0000000795580000,0x0000000795580000,0x0000000798400000)
  from space 10240K, 51% used [0x0000000799200000,0x00000007997241d0,0x0000000799c00000)
  to   space 12288K, 0% used [0x0000000798400000,0x0000000798400000,0x0000000799000000)
 ParOldGen       total 59904K, used 15390K [0x0000000740000000, 0x0000000743a80000, 0x0000000795580000)
  object space 59904K, 25% used [0x0000000740000000,0x0000000740f07b80,0x0000000743a80000)
 Metaspace       used 23960K, capacity 24225K, committed 24576K, reserved 1071104K
  class space    used 2370K, capacity 2451K, committed 2560K, reserved 1048576K
}
Event: 16.586 GC heap before
{Heap before GC invocations=8 (full 1):
 PSYoungGen      total 57856K, used 52880K [0x0000000795580000, 0x0000000799c00000, 0x00000007c0000000)
  eden space 47616K, 100% used [0x0000000795580000,0x0000000798400000,0x0000000798400000)
  from space 10240K, 51% used [0x0000000799200000,0x00000007997241d0,0x0000000799c00000)
  to   space 12288K, 0% used [0x0000000798400000,0x0000000798400000,0x0000000799000000)
 ParOldGen       total 59904K, used 15390K [0x0000000740000000, 0x0000000743a80000, 0x0000000795580000)
  object space 59904K, 25% used [0x0000000740000000,0x0000000740f07b80,0x0000000743a80000)
 Metaspace       used 24039K, capacity 24225K, committed 24576K, reserved 1071104K
  class space    used 2370K, capacity 2451K, committed 2560K, reserved 1048576K
Event: 16.596 GC heap after
Heap after GC invocations=8 (full 1):
 PSYoungGen      total 59904K, used 9376K [0x0000000795580000, 0x000000079ae80000, 0x00000007c0000000)
  eden space 47616K, 0% used [0x0000000795580000,0x0000000795580000,0x0000000798400000)
  from space 12288K, 76% used [0x0000000798400000,0x0000000798d282a0,0x0000000799000000)
  to   space 12288K, 0% used [0x000000079a280000,0x000000079a280000,0x000000079ae80000)
 ParOldGen       total 59904K, used 15390K [0x0000000740000000, 0x0000000743a80000, 0x0000000795580000)
  object space 59904K, 25% used [0x0000000740000000,0x0000000740f07b80,0x0000000743a80000)
 Metaspace       used 24039K, capacity 24225K, committed 24576K, reserved 1071104K
  class space    used 2370K, capacity 2451K, committed 2560K, reserved 1048576K
}
Event: 17.954 GC heap before
{Heap before GC invocations=9 (full 1):
 PSYoungGen      total 59904K, used 56992K [0x0000000795580000, 0x000000079ae80000, 0x00000007c0000000)
  eden space 47616K, 100% used [0x0000000795580000,0x0000000798400000,0x0000000798400000)
  from space 12288K, 76% used [0x0000000798400000,0x0000000798d282a0,0x0000000799000000)
  to   space 12288K, 0% used [0x000000079a280000,0x000000079a280000,0x000000079ae80000)
 ParOldGen       total 59904K, used 15390K [0x0000000740000000, 0x0000000743a80000, 0x0000000795580000)
  object space 59904K, 25% used [0x0000000740000000,0x0000000740f07b80,0x0000000743a80000)
 Metaspace       used 24130K, capacity 24353K, committed 24576K, reserved 1071104K
  class space    used 2370K, capacity 2451K, committed 2560K, reserved 1048576K
Event: 17.966 GC heap after
Heap after GC invocations=9 (full 1):
 PSYoungGen      total 76288K, used 12272K [0x0000000795580000, 0x000000079b580000, 0x00000007c0000000)
  eden space 64000K, 0% used [0x0000000795580000,0x0000000795580000,0x0000000799400000)
  from space 12288K, 99% used [0x000000079a280000,0x000000079ae7c3a0,0x000000079ae80000)
  to   space 14848K, 0% used [0x0000000799400000,0x0000000799400000,0x000000079a280000)
 ParOldGen       total 59904K, used 17711K [0x0000000740000000, 0x0000000743a80000, 0x0000000795580000)
  object space 59904K, 29% used [0x0000000740000000,0x000000074114bc10,0x0000000743a80000)
 Metaspace       used 24130K, capacity 24353K, committed 24576K, reserved 1071104K
  class space    used 2370K, capacity 2451K, committed 2560K, reserved 1048576K
}
Event: 21.335 GC heap before
{Heap before GC invocations=10 (full 1):
 PSYoungGen      total 76288K, used 76272K [0x0000000795580000, 0x000000079b580000, 0x00000007c0000000)
  eden space 64000K, 100% used [0x0000000795580000,0x0000000799400000,0x0000000799400000)
  from space 12288K, 99% used [0x000000079a280000,0x000000079ae7c3a0,0x000000079ae80000)
  to   space 14848K, 0% used [0x0000000799400000,0x0000000799400000,0x000000079a280000)
 ParOldGen       total 59904K, used 17711K [0x0000000740000000, 0x0000000743a80000, 0x0000000795580000)
  object space 59904K, 29% used [0x0000000740000000,0x000000074114bc10,0x0000000743a80000)
 Metaspace       used 24168K, capacity 24417K, committed 24832K, reserved 1071104K
  class space    used 2370K, capacity 2451K, committed 2560K, reserved 1048576K
Event: 21.349 GC heap after
Heap after GC invocations=10 (full 1):
 PSYoungGen      total 78848K, used 14721K [0x0000000795580000, 0x000000079c500000, 0x00000007c0000000)
  eden space 64000K, 0% used [0x0000000795580000,0x0000000795580000,0x0000000799400000)
  from space 14848K, 99% used [0x0000000799400000,0x000000079a260420,0x000000079a280000)
  to   space 16896K, 0% used [0x000000079b480000,0x000000079b480000,0x000000079c500000)
 ParOldGen       total 59904K, used 21815K [0x0000000740000000, 0x0000000743a80000, 0x0000000795580000)
  object space 59904K, 36% used [0x0000000740000000,0x000000074154dd10,0x0000000743a80000)
 Metaspace       used 24168K, capacity 24417K, committed 24832K, reserved 1071104K
  class space    used 2370K, capacity 2451K, committed 2560K, reserved 1048576K
}

