# JRE version: Java(TM) SE Runtime Environment (8.0_60-b27) (build 1.8.0_60-b27)
# Java VM: Java HotSpot(TM) 64-Bit Server VM (25.60-b23 mixed mode bsd-amd64 compressed oops)
Heap:
 PSYoungGen      total 71680K, used 23845K [0x0000000795580000, 0x000000079bc80000, 0x00000007c0000000)
  eden space 66560K, 28% used [0x0000000795580000,0x00000007967f52e8,0x0000000799680000)
  from space 5120K, 96% used [0x0000000799680000,0x0000000799b54170,0x0000000799b80000)
  to   space 14848K, 0% used [0x000000079ae00000,0x000000079ae00000,0x000000079bc80000)
 ParOldGen       total 59904K, used 16653K [0x0000000740000000, 0x0000000743a80000, 0x0000000795580000)
  object space 59904K, 27% used [0x0000000740000000,0x0000000741043438,0x0000000743a80000)
 Metaspace       used 24087K, capacity 24359K, committed 24576K, reserved 1071104K
  class space    used 2375K, capacity 2450K, committed 2560K, reserved 1048576K
GC Heap History (10 events):
Event: 6.161 GC heap before
{Heap before GC invocations=2 (full 0):
 PSYoungGen      total 38400K, used 38203K [0x0000000795580000, 0x0000000798000000, 0x00000007c0000000)
  eden space 33280K, 100% used [0x0000000795580000,0x0000000797600000,0x0000000797600000)
  from space 5120K, 96% used [0x0000000797600000,0x0000000797aceed0,0x0000000797b00000)
  to   space 5120K, 0% used [0x0000000797b00000,0x0000000797b00000,0x0000000798000000)
 ParOldGen       total 87552K, used 16K [0x0000000740000000, 0x0000000745580000, 0x0000000795580000)
  object space 87552K, 0% used [0x0000000740000000,0x0000000740004000,0x0000000745580000)
 Metaspace       used 20207K, capacity 20433K, committed 20736K, reserved 1067008K
  class space    used 2074K, capacity 2191K, committed 2304K, reserved 1048576K
Event: 6.178 GC heap after
Heap after GC invocations=2 (full 0):
 PSYoungGen      total 38400K, used 5105K [0x0000000795580000, 0x0000000798000000, 0x00000007c0000000)
  eden space 33280K, 0% used [0x0000000795580000,0x0000000795580000,0x0000000797600000)
  from space 5120K, 99% used [0x0000000797b00000,0x0000000797ffc790,0x0000000798000000)
  to   space 5120K, 0% used [0x0000000797600000,0x0000000797600000,0x0000000797b00000)
 ParOldGen       total 87552K, used 3733K [0x0000000740000000, 0x0000000745580000, 0x0000000795580000)
  object space 87552K, 4% used [0x0000000740000000,0x00000007403a5418,0x0000000745580000)
 Metaspace       used 20207K, capacity 20433K, committed 20736K, reserved 1067008K
  class space    used 2074K, capacity 2191K, committed 2304K, reserved 1048576K
}
Event: 6.641 GC heap before
{Heap before GC invocations=3 (full 0):
 PSYoungGen      total 38400K, used 7787K [0x0000000795580000, 0x0000000798000000, 0x00000007c0000000)
  eden space 33280K, 8% used [0x0000000795580000,0x000000079581e768,0x0000000797600000)
  from space 5120K, 99% used [0x0000000797b00000,0x0000000797ffc790,0x0000000798000000)
  to   space 5120K, 0% used [0x0000000797600000,0x0000000797600000,0x0000000797b00000)
 ParOldGen       total 87552K, used 3733K [0x0000000740000000, 0x0000000745580000, 0x0000000795580000)
  object space 87552K, 4% used [0x0000000740000000,0x00000007403a5418,0x0000000745580000)
 Metaspace       used 20881K, capacity 21117K, committed 21248K, reserved 1069056K
  class space    used 2140K, capacity 2225K, committed 2304K, reserved 1048576K
Event: 6.652 GC heap after
Heap after GC invocations=3 (full 0):
 PSYoungGen      total 38400K, used 5105K [0x0000000795580000, 0x000000079a080000, 0x00000007c0000000)
  eden space 33280K, 0% used [0x0000000795580000,0x0000000795580000,0x0000000797600000)
  from space 5120K, 99% used [0x0000000797600000,0x0000000797afc710,0x0000000797b00000)
  to   space 5120K, 0% used [0x0000000799b80000,0x0000000799b80000,0x000000079a080000)
 ParOldGen       total 87552K, used 4321K [0x0000000740000000, 0x0000000745580000, 0x0000000795580000)
  object space 87552K, 4% used [0x0000000740000000,0x0000000740438708,0x0000000745580000)
 Metaspace       used 20881K, capacity 21117K, committed 21248K, reserved 1069056K
  class space    used 2140K, capacity 2225K, committed 2304K, reserved 1048576K
}
Event: 6.652 GC heap before
{Heap before GC invocations=4 (full 1):
 PSYoungGen      total 38400K, used 5105K [0x0000000795580000, 0x000000079a080000, 0x00000007c0000000)
  eden space 33280K, 0% used [0x0000000795580000,0x0000000795580000,0x0000000797600000)
  from space 5120K, 99% used [0x0000000797600000,0x0000000797afc710,0x0000000797b00000)
  to   space 5120K, 0% used [0x0000000799b80000,0x0000000799b80000,0x000000079a080000)
 ParOldGen       total 87552K, used 4321K [0x0000000740000000, 0x0000000745580000, 0x0000000795580000)
  object space 87552K, 4% used [0x0000000740000000,0x0000000740438708,0x0000000745580000)
 Metaspace       used 20881K, capacity 21117K, committed 21248K, reserved 1069056K
  class space    used 2140K, capacity 2225K, committed 2304K, reserved 1048576K
Event: 6.713 GC heap after
Heap after GC invocations=4 (full 1):
 PSYoungGen      total 38400K, used 0K [0x0000000795580000, 0x000000079a080000, 0x00000007c0000000)
  eden space 33280K, 0% used [0x0000000795580000,0x0000000795580000,0x0000000797600000)
  from space 5120K, 0% used [0x0000000797600000,0x0000000797600000,0x0000000797b00000)
  to   space 5120K, 0% used [0x0000000799b80000,0x0000000799b80000,0x000000079a080000)
 ParOldGen       total 59904K, used 7417K [0x0000000740000000, 0x0000000743a80000, 0x0000000795580000)
  object space 59904K, 12% used [0x0000000740000000,0x000000074073e7a8,0x0000000743a80000)
 Metaspace       used 20881K, capacity 21117K, committed 21248K, reserved 1069056K
  class space    used 2140K, capacity 2225K, committed 2304K, reserved 1048576K
}
Event: 8.481 GC heap before
{Heap before GC invocations=5 (full 1):
 PSYoungGen      total 38400K, used 33179K [0x0000000795580000, 0x000000079a080000, 0x00000007c0000000)
  eden space 33280K, 99% used [0x0000000795580000,0x00000007975e6d68,0x0000000797600000)
  from space 5120K, 0% used [0x0000000797600000,0x0000000797600000,0x0000000797b00000)
  to   space 5120K, 0% used [0x0000000799b80000,0x0000000799b80000,0x000000079a080000)
 ParOldGen       total 59904K, used 7417K [0x0000000740000000, 0x0000000743a80000, 0x0000000795580000)
  object space 59904K, 12% used [0x0000000740000000,0x000000074073e7a8,0x0000000743a80000)
 Metaspace       used 23422K, capacity 23649K, committed 23808K, reserved 1071104K
  class space    used 2367K, capacity 2449K, committed 2560K, reserved 1048576K
Event: 8.494 GC heap after
Heap after GC invocations=5 (full 1):
 PSYoungGen      total 56320K, used 5104K [0x0000000795580000, 0x000000079a080000, 0x00000007c0000000)
  eden space 51200K, 0% used [0x0000000795580000,0x0000000795580000,0x0000000798780000)
  from space 5120K, 99% used [0x0000000799b80000,0x000000079a07c1d0,0x000000079a080000)
  to   space 5120K, 0% used [0x0000000799680000,0x0000000799680000,0x0000000799b80000)
 ParOldGen       total 59904K, used 16389K [0x0000000740000000, 0x0000000743a80000, 0x0000000795580000)
  object space 59904K, 27% used [0x0000000740000000,0x0000000741001428,0x0000000743a80000)
 Metaspace       used 23422K, capacity 23649K, committed 23808K, reserved 1071104K
  class space    used 2367K, capacity 2449K, committed 2560K, reserved 1048576K
}
Event: 13.889 GC heap before
{Heap before GC invocations=6 (full 1):
 PSYoungGen      total 56320K, used 56304K [0x0000000795580000, 0x000000079a080000, 0x00000007c0000000)
  eden space 51200K, 100% used [0x0000000795580000,0x0000000798780000,0x0000000798780000)
  from space 5120K, 99% used [0x0000000799b80000,0x000000079a07c1d0,0x000000079a080000)
  to   space 5120K, 0% used [0x0000000799680000,0x0000000799680000,0x0000000799b80000)
 ParOldGen       total 59904K, used 16389K [0x0000000740000000, 0x0000000743a80000, 0x0000000795580000)
  object space 59904K, 27% used [0x0000000740000000,0x0000000741001428,0x0000000743a80000)
 Metaspace       used 23955K, capacity 24231K, committed 24576K, reserved 1071104K
  class space    used 2368K, capacity 2450K, committed 2560K, reserved 1048576K
Event: 13.897 GC heap after
Heap after GC invocations=6 (full 1):
 PSYoungGen      total 71680K, used 4944K [0x0000000795580000, 0x000000079bc80000, 0x00000007c0000000)
  eden space 66560K, 0% used [0x0000000795580000,0x0000000795580000,0x0000000799680000)
  from space 5120K, 96% used [0x0000000799680000,0x0000000799b54170,0x0000000799b80000)
  to   space 14848K, 0% used [0x000000079ae00000,0x000000079ae00000,0x000000079bc80000)
 ParOldGen       total 59904K, used 16653K [0x0000000740000000, 0x0000000743a80000, 0x0000000795580000)
  object space 59904K, 27% used [0x0000000740000000,0x0000000741043438,0x0000000743a80000)
 Metaspace       used 23955K, capacity 24231K, committed 24576K, reserved 1071104K
  class space    used 2368K, capacity 2450K, committed 2560K, reserved 1048576K
}

