# JRE version: Java(TM) SE Runtime Environment (8.0_60-b27) (build 1.8.0_60-b27)
# Java VM: Java HotSpot(TM) 64-Bit Server VM (25.60-b23 mixed mode bsd-amd64 compressed oops)
Heap:
 PSYoungGen      total 99328K, used 59905K [0x0000000795580000, 0x000000079d100000, 0x00000007c0000000)
  eden space 78848K, 51% used [0x0000000795580000,0x0000000797d0c0a8,0x000000079a280000)
  from space 20480K, 94% used [0x000000079b900000,0x000000079cbf4520,0x000000079cd00000)
  to   space 23040K, 0% used [0x000000079a280000,0x000000079a280000,0x000000079b900000)
 ParOldGen       total 59392K, used 27232K [0x0000000740000000, 0x0000000743a00000, 0x0000000795580000)
  object space 59392K, 45% used [0x0000000740000000,0x0000000741a98348,0x0000000743a00000)
 Metaspace       used 24425K, capacity 24617K, committed 24832K, reserved 1071104K
  class space    used 2378K, capacity 2451K, committed 2560K, reserved 1048576K
GC Heap History (10 events):
Event: 12.577 GC heap before
{Heap before GC invocations=7 (full 1):
 PSYoungGen      total 38400K, used 38384K [0x0000000795580000, 0x0000000799c80000, 0x00000007c0000000)
  eden space 33280K, 100% used [0x0000000795580000,0x0000000797600000,0x0000000797600000)
  from space 5120K, 99% used [0x0000000797600000,0x0000000797afc190,0x0000000797b00000)
  to   space 11776K, 0% used [0x0000000799100000,0x0000000799100000,0x0000000799c80000)
 ParOldGen       total 59392K, used 15440K [0x0000000740000000, 0x0000000743a00000, 0x0000000795580000)
  object space 59392K, 25% used [0x0000000740000000,0x0000000740f14078,0x0000000743a00000)
 Metaspace       used 23985K, capacity 24233K, committed 24576K, reserved 1071104K
  class space    used 2369K, capacity 2451K, committed 2560K, reserved 1048576K
Event: 12.582 GC heap after
Heap after GC invocations=7 (full 1):
 PSYoungGen      total 57856K, used 5280K [0x0000000795580000, 0x0000000799b00000, 0x00000007c0000000)
  eden space 47616K, 0% used [0x0000000795580000,0x0000000795580000,0x0000000798400000)
  from space 10240K, 51% used [0x0000000799100000,0x0000000799628180,0x0000000799b00000)
  to   space 11776K, 0% used [0x0000000798400000,0x0000000798400000,0x0000000798f80000)
 ParOldGen       total 59392K, used 15448K [0x0000000740000000, 0x0000000743a00000, 0x0000000795580000)
  object space 59392K, 26% used [0x0000000740000000,0x0000000740f16078,0x0000000743a00000)
 Metaspace       used 23985K, capacity 24233K, committed 24576K, reserved 1071104K
  class space    used 2369K, capacity 2451K, committed 2560K, reserved 1048576K
}
Event: 14.445 GC heap before
{Heap before GC invocations=8 (full 1):
 PSYoungGen      total 57856K, used 52816K [0x0000000795580000, 0x0000000799b00000, 0x00000007c0000000)
  eden space 47616K, 99% used [0x0000000795580000,0x00000007983ec1d8,0x0000000798400000)
  from space 10240K, 51% used [0x0000000799100000,0x0000000799628180,0x0000000799b00000)
  to   space 11776K, 0% used [0x0000000798400000,0x0000000798400000,0x0000000798f80000)
 ParOldGen       total 59392K, used 15448K [0x0000000740000000, 0x0000000743a00000, 0x0000000795580000)
  object space 59392K, 26% used [0x0000000740000000,0x0000000740f16078,0x0000000743a00000)
 Metaspace       used 24006K, capacity 24233K, committed 24576K, reserved 1071104K
  class space    used 2369K, capacity 2451K, committed 2560K, reserved 1048576K
Event: 14.452 GC heap after
Heap after GC invocations=8 (full 1):
 PSYoungGen      total 59392K, used 10992K [0x0000000795580000, 0x000000079b080000, 0x00000007c0000000)
  eden space 47616K, 0% used [0x0000000795580000,0x0000000795580000,0x0000000798400000)
  from space 11776K, 93% used [0x0000000798400000,0x0000000798ebc310,0x0000000798f80000)
  to   space 12800K, 0% used [0x000000079a400000,0x000000079a400000,0x000000079b080000)
 ParOldGen       total 59392K, used 15456K [0x0000000740000000, 0x0000000743a00000, 0x0000000795580000)
  object space 59392K, 26% used [0x0000000740000000,0x0000000740f18078,0x0000000743a00000)
 Metaspace       used 24006K, capacity 24233K, committed 24576K, reserved 1071104K
  class space    used 2369K, capacity 2451K, committed 2560K, reserved 1048576K
}
Event: 16.060 GC heap before
{Heap before GC invocations=9 (full 1):
 PSYoungGen      total 59392K, used 58608K [0x0000000795580000, 0x000000079b080000, 0x00000007c0000000)
  eden space 47616K, 100% used [0x0000000795580000,0x0000000798400000,0x0000000798400000)
  from space 11776K, 93% used [0x0000000798400000,0x0000000798ebc310,0x0000000798f80000)
  to   space 12800K, 0% used [0x000000079a400000,0x000000079a400000,0x000000079b080000)
 ParOldGen       total 59392K, used 15456K [0x0000000740000000, 0x0000000743a00000, 0x0000000795580000)
  object space 59392K, 26% used [0x0000000740000000,0x0000000740f18078,0x0000000743a00000)
 Metaspace       used 24105K, capacity 24361K, committed 24576K, reserved 1071104K
  class space    used 2369K, capacity 2451K, committed 2560K, reserved 1048576K
Event: 16.073 GC heap after
Heap after GC invocations=9 (full 1):
 PSYoungGen      total 76800K, used 12768K [0x0000000795580000, 0x000000079b980000, 0x00000007c0000000)
  eden space 64000K, 0% used [0x0000000795580000,0x0000000795580000,0x0000000799400000)
  from space 12800K, 99% used [0x000000079a400000,0x000000079b078360,0x000000079b080000)
  to   space 16384K, 0% used [0x0000000799400000,0x0000000799400000,0x000000079a400000)
 ParOldGen       total 59392K, used 20080K [0x0000000740000000, 0x0000000743a00000, 0x0000000795580000)
  object space 59392K, 33% used [0x0000000740000000,0x000000074139c198,0x0000000743a00000)
 Metaspace       used 24105K, capacity 24361K, committed 24576K, reserved 1071104K
  class space    used 2369K, capacity 2451K, committed 2560K, reserved 1048576K
}
Event: 19.425 GC heap before
{Heap before GC invocations=10 (full 1):
 PSYoungGen      total 76800K, used 76768K [0x0000000795580000, 0x000000079b980000, 0x00000007c0000000)
  eden space 64000K, 99% used [0x0000000795580000,0x00000007993ffde0,0x0000000799400000)
  from space 12800K, 99% used [0x000000079a400000,0x000000079b078360,0x000000079b080000)
  to   space 16384K, 0% used [0x0000000799400000,0x0000000799400000,0x000000079a400000)
 ParOldGen       total 59392K, used 20080K [0x0000000740000000, 0x0000000743a00000, 0x0000000795580000)
  object space 59392K, 33% used [0x0000000740000000,0x000000074139c198,0x0000000743a00000)
 Metaspace       used 24240K, capacity 24489K, committed 24832K, reserved 1071104K
  class space    used 2370K, capacity 2451K, committed 2560K, reserved 1048576K
Event: 19.440 GC heap after
Heap after GC invocations=10 (full 1):
 PSYoungGen      total 80384K, used 16353K [0x0000000795580000, 0x000000079cd00000, 0x00000007c0000000)
  eden space 64000K, 0% used [0x0000000795580000,0x0000000795580000,0x0000000799400000)
  from space 16384K, 99% used [0x0000000799400000,0x000000079a3f8440,0x000000079a400000)
  to   space 20480K, 0% used [0x000000079b900000,0x000000079b900000,0x000000079cd00000)
 ParOldGen       total 59392K, used 24192K [0x0000000740000000, 0x0000000743a00000, 0x0000000795580000)
  object space 59392K, 40% used [0x0000000740000000,0x00000007417a0298,0x0000000743a00000)
 Metaspace       used 24240K, capacity 24489K, committed 24832K, reserved 1071104K
  class space    used 2370K, capacity 2451K, committed 2560K, reserved 1048576K
}
Event: 24.250 GC heap before
{Heap before GC invocations=11 (full 1):
 PSYoungGen      total 80384K, used 80353K [0x0000000795580000, 0x000000079cd00000, 0x00000007c0000000)
  eden space 64000K, 100% used [0x0000000795580000,0x0000000799400000,0x0000000799400000)
  from space 16384K, 99% used [0x0000000799400000,0x000000079a3f8440,0x000000079a400000)
  to   space 20480K, 0% used [0x000000079b900000,0x000000079b900000,0x000000079cd00000)
 ParOldGen       total 59392K, used 24192K [0x0000000740000000, 0x0000000743a00000, 0x0000000795580000)
  object space 59392K, 40% used [0x0000000740000000,0x00000007417a0298,0x0000000743a00000)
 Metaspace       used 24369K, capacity 24617K, committed 24832K, reserved 1071104K
  class space    used 2370K, capacity 2451K, committed 2560K, reserved 1048576K
Event: 24.267 GC heap after
Heap after GC invocations=11 (full 1):
 PSYoungGen      total 99328K, used 19409K [0x0000000795580000, 0x000000079d100000, 0x00000007c0000000)
  eden space 78848K, 0% used [0x0000000795580000,0x0000000795580000,0x000000079a280000)
  from space 20480K, 94% used [0x000000079b900000,0x000000079cbf4520,0x000000079cd00000)
  to   space 23040K, 0% used [0x000000079a280000,0x000000079a280000,0x000000079b900000)
 ParOldGen       total 59392K, used 27232K [0x0000000740000000, 0x0000000743a00000, 0x0000000795580000)
  object space 59392K, 45% used [0x0000000740000000,0x0000000741a98348,0x0000000743a00000)
 Metaspace       used 24369K, capacity 24617K, committed 24832K, reserved 1071104K
  class space    used 2370K, capacity 2451K, committed 2560K, reserved 1048576K
}

