# JRE version: Java(TM) SE Runtime Environment (8.0_60-b27) (build 1.8.0_60-b27)
# Java VM: Java HotSpot(TM) 64-Bit Server VM (25.60-b23 mixed mode bsd-amd64 compressed oops)
Heap:
 PSYoungGen      total 156672K, used 45166K [0x0000000795580000, 0x00000007a9080000, 0x00000007c0000000)
  eden space 133120K, 16% used [0x0000000795580000,0x0000000796a9e978,0x000000079d780000)
  from space 23552K, 99% used [0x000000079d780000,0x000000079ee7d040,0x000000079ee80000)
  to   space 28160K, 0% used [0x00000007a7500000,0x00000007a7500000,0x00000007a9080000)
 ParOldGen       total 87552K, used 46877K [0x0000000740000000, 0x0000000745580000, 0x0000000795580000)
  object space 87552K, 53% used [0x0000000740000000,0x0000000742dc7590,0x0000000745580000)
 Metaspace       used 19194K, capacity 19391K, committed 19712K, reserved 1067008K
  class space    used 1881K, capacity 1982K, committed 2048K, reserved 1048576K
GC Heap History (10 events):
Event: 5.049 GC heap before
{Heap before GC invocations=3 (full 0):
 PSYoungGen      total 38400K, used 38383K [0x0000000795580000, 0x0000000798000000, 0x00000007c0000000)
  eden space 33280K, 100% used [0x0000000795580000,0x0000000797600000,0x0000000797600000)
  from space 5120K, 99% used [0x0000000797b00000,0x0000000797ffbf30,0x0000000798000000)
  to   space 5120K, 0% used [0x0000000797600000,0x0000000797600000,0x0000000797b00000)
 ParOldGen       total 87552K, used 6391K [0x0000000740000000, 0x0000000745580000, 0x0000000795580000)
  object space 87552K, 7% used [0x0000000740000000,0x000000074063ddc8,0x0000000745580000)
 Metaspace       used 17636K, capacity 17843K, committed 18048K, reserved 1064960K
  class space    used 1782K, capacity 1852K, committed 1920K, reserved 1048576K
Event: 5.074 GC heap after
Heap after GC invocations=3 (full 0):
 PSYoungGen      total 38400K, used 5119K [0x0000000795580000, 0x000000079a080000, 0x00000007c0000000)
  eden space 33280K, 0% used [0x0000000795580000,0x0000000795580000,0x0000000797600000)
  from space 5120K, 99% used [0x0000000797600000,0x0000000797affdc8,0x0000000797b00000)
  to   space 5120K, 0% used [0x0000000799b80000,0x0000000799b80000,0x000000079a080000)
 ParOldGen       total 87552K, used 20984K [0x0000000740000000, 0x0000000745580000, 0x0000000795580000)
  object space 87552K, 23% used [0x0000000740000000,0x000000074147e080,0x0000000745580000)
 Metaspace       used 17636K, capacity 17843K, committed 18048K, reserved 1064960K
  class space    used 1782K, capacity 1852K, committed 1920K, reserved 1048576K
}
Event: 5.120 GC heap before
{Heap before GC invocations=4 (full 0):
 PSYoungGen      total 38400K, used 38399K [0x0000000795580000, 0x000000079a080000, 0x00000007c0000000)
  eden space 33280K, 100% used [0x0000000795580000,0x0000000797600000,0x0000000797600000)
  from space 5120K, 99% used [0x0000000797600000,0x0000000797affdc8,0x0000000797b00000)
  to   space 5120K, 0% used [0x0000000799b80000,0x0000000799b80000,0x000000079a080000)
 ParOldGen       total 87552K, used 20984K [0x0000000740000000, 0x0000000745580000, 0x0000000795580000)
  object space 87552K, 23% used [0x0000000740000000,0x000000074147e080,0x0000000745580000)
 Metaspace       used 17636K, capacity 17843K, committed 18048K, reserved 1064960K
  class space    used 1782K, capacity 1852K, committed 1920K, reserved 1048576K
Event: 5.141 GC heap after
Heap after GC invocations=4 (full 0):
 PSYoungGen      total 71680K, used 5090K [0x0000000795580000, 0x000000079a080000, 0x00000007c0000000)
  eden space 66560K, 0% used [0x0000000795580000,0x0000000795580000,0x0000000799680000)
  from space 5120K, 99% used [0x0000000799b80000,0x000000079a078bd8,0x000000079a080000)
  to   space 5120K, 0% used [0x0000000799680000,0x0000000799680000,0x0000000799b80000)
 ParOldGen       total 87552K, used 34600K [0x0000000740000000, 0x0000000745580000, 0x0000000795580000)
  object space 87552K, 39% used [0x0000000740000000,0x00000007421ca080,0x0000000745580000)
 Metaspace       used 17636K, capacity 17843K, committed 18048K, reserved 1064960K
  class space    used 1782K, capacity 1852K, committed 1920K, reserved 1048576K
}
Event: 6.077 GC heap before
{Heap before GC invocations=5 (full 0):
 PSYoungGen      total 71680K, used 71650K [0x0000000795580000, 0x000000079a080000, 0x00000007c0000000)
  eden space 66560K, 100% used [0x0000000795580000,0x0000000799680000,0x0000000799680000)
  from space 5120K, 99% used [0x0000000799b80000,0x000000079a078bd8,0x000000079a080000)
  to   space 5120K, 0% used [0x0000000799680000,0x0000000799680000,0x0000000799b80000)
 ParOldGen       total 87552K, used 34600K [0x0000000740000000, 0x0000000745580000, 0x0000000795580000)
  object space 87552K, 39% used [0x0000000740000000,0x00000007421ca080,0x0000000745580000)
 Metaspace       used 18534K, capacity 18707K, committed 18944K, reserved 1067008K
  class space    used 1861K, capacity 1948K, committed 2048K, reserved 1048576K
Event: 6.099 GC heap after
Heap after GC invocations=5 (full 0):
 PSYoungGen      total 71680K, used 5090K [0x0000000795580000, 0x00000007a0880000, 0x00000007c0000000)
  eden space 66560K, 0% used [0x0000000795580000,0x0000000795580000,0x0000000799680000)
  from space 5120K, 99% used [0x0000000799680000,0x0000000799b78bb0,0x0000000799b80000)
  to   space 25088K, 0% used [0x000000079f000000,0x000000079f000000,0x00000007a0880000)
 ParOldGen       total 87552K, used 45331K [0x0000000740000000, 0x0000000745580000, 0x0000000795580000)
  object space 87552K, 51% used [0x0000000740000000,0x0000000742c44fa0,0x0000000745580000)
 Metaspace       used 18534K, capacity 18707K, committed 18944K, reserved 1067008K
  class space    used 1861K, capacity 1948K, committed 2048K, reserved 1048576K
}
Event: 9.983 GC heap before
{Heap before GC invocations=6 (full 0):
 PSYoungGen      total 71680K, used 71650K [0x0000000795580000, 0x00000007a0880000, 0x00000007c0000000)
  eden space 66560K, 100% used [0x0000000795580000,0x0000000799680000,0x0000000799680000)
  from space 5120K, 99% used [0x0000000799680000,0x0000000799b78bb0,0x0000000799b80000)
  to   space 25088K, 0% used [0x000000079f000000,0x000000079f000000,0x00000007a0880000)
 ParOldGen       total 87552K, used 45331K [0x0000000740000000, 0x0000000745580000, 0x0000000795580000)
  object space 87552K, 51% used [0x0000000740000000,0x0000000742c44fa0,0x0000000745580000)
 Metaspace       used 18975K, capacity 19167K, committed 19456K, reserved 1067008K
  class space    used 1873K, capacity 1950K, committed 2048K, reserved 1048576K
Event: 9.996 GC heap after
Heap after GC invocations=6 (full 0):
 PSYoungGen      total 155136K, used 12019K [0x0000000795580000, 0x00000007a0580000, 0x00000007c0000000)
  eden space 133120K, 0% used [0x0000000795580000,0x0000000795580000,0x000000079d780000)
  from space 22016K, 54% used [0x000000079f000000,0x000000079fbbcd60,0x00000007a0580000)
  to   space 23552K, 0% used [0x000000079d780000,0x000000079d780000,0x000000079ee80000)
 ParOldGen       total 87552K, used 45339K [0x0000000740000000, 0x0000000745580000, 0x0000000795580000)
  object space 87552K, 51% used [0x0000000740000000,0x0000000742c46fa0,0x0000000745580000)
 Metaspace       used 18975K, capacity 19167K, committed 19456K, reserved 1067008K
  class space    used 1873K, capacity 1950K, committed 2048K, reserved 1048576K
}
Event: 14.732 GC heap before
{Heap before GC invocations=7 (full 0):
 PSYoungGen      total 155136K, used 145139K [0x0000000795580000, 0x00000007a0580000, 0x00000007c0000000)
  eden space 133120K, 100% used [0x0000000795580000,0x000000079d780000,0x000000079d780000)
  from space 22016K, 54% used [0x000000079f000000,0x000000079fbbcd60,0x00000007a0580000)
  to   space 23552K, 0% used [0x000000079d780000,0x000000079d780000,0x000000079ee80000)
 ParOldGen       total 87552K, used 45339K [0x0000000740000000, 0x0000000745580000, 0x0000000795580000)
  object space 87552K, 51% used [0x0000000740000000,0x0000000742c46fa0,0x0000000745580000)
 Metaspace       used 19124K, capacity 19359K, committed 19712K, reserved 1067008K
  class space    used 1873K, capacity 1950K, committed 2048K, reserved 1048576K
Event: 14.744 GC heap after
Heap after GC invocations=7 (full 0):
 PSYoungGen      total 156672K, used 23540K [0x0000000795580000, 0x00000007a9080000, 0x00000007c0000000)
  eden space 133120K, 0% used [0x0000000795580000,0x0000000795580000,0x000000079d780000)
  from space 23552K, 99% used [0x000000079d780000,0x000000079ee7d040,0x000000079ee80000)
  to   space 28160K, 0% used [0x00000007a7500000,0x00000007a7500000,0x00000007a9080000)
 ParOldGen       total 87552K, used 46877K [0x0000000740000000, 0x0000000745580000, 0x0000000795580000)
  object space 87552K, 53% used [0x0000000740000000,0x0000000742dc7590,0x0000000745580000)
 Metaspace       used 19124K, capacity 19359K, committed 19712K, reserved 1067008K
  class space    used 1873K, capacity 1950K, committed 2048K, reserved 1048576K
}

